<?xml version="1.0" encoding="UTF-8"?>
<coverage generated="1775375974229" clover="3.2.0">
  <project timestamp="1775375974229" name="All files">
    <metrics statements="346" coveredstatements="276" conditionals="214" coveredconditionals="174" methods="125" coveredmethods="98" elements="685" coveredelements="548" complexity="0" loc="346" ncloc="346" packages="14" files="42" classes="42"/>
    <package name="Code">
      <metrics statements="0" coveredstatements="0" conditionals="0" coveredconditionals="0" methods="0" coveredmethods="0"/>
      <file name="alter-client" path="/Users/hyeon/Code/alter-client">
        <metrics statements="0" coveredstatements="0" conditionals="0" coveredconditionals="0" methods="0" coveredmethods="0"/>
      </file>
    </package>
    <package name="Code.alter-client.src.features.home.manager.ui">
      <metrics statements="13" coveredstatements="10" conditionals="17" coveredconditionals="14" methods="9" coveredmethods="7"/>
      <file name="StoreWorkerListItem.tsx" path="/Users/hyeon/Code/alter-client/src/features/home/manager/ui/StoreWorkerListItem.tsx">
        <metrics statements="2" coveredstatements="2" conditionals="3" coveredconditionals="2" methods="1" coveredmethods="1"/>
        <line num="26" count="2" type="stmt"/>
        <line num="33" count="1" type="stmt"/>
      </file>
      <file name="TodayWorkerList.tsx" path="/Users/hyeon/Code/alter-client/src/features/home/manager/ui/TodayWorkerList.tsx">
        <metrics statements="4" coveredstatements="4" conditionals="3" coveredconditionals="2" methods="3" coveredmethods="3"/>
        <line num="14" count="3" type="stmt"/>
        <line num="18" count="1" type="stmt"/>
        <line num="39" count="1" type="stmt"/>
        <line num="48" count="3" type="stmt"/>
      </file>
      <file name="WorkspaceChangeCard.tsx" path="/Users/hyeon/Code/alter-client/src/features/home/manager/ui/WorkspaceChangeCard.tsx">
        <metrics statements="5" coveredstatements="2" conditionals="9" coveredconditionals="8" methods="3" coveredmethods="1"/>
        <line num="34" count="2" type="stmt"/>
        <line num="36" count="0" type="stmt"/>
        <line num="43" count="1" type="stmt"/>
        <line num="70" count="0" type="stmt"/>
        <line num="71" count="0" type="stmt"/>
      </file>
      <file name="WorkspaceChangeList.tsx" path="/Users/hyeon/Code/alter-client/src/features/home/manager/ui/WorkspaceChangeList.tsx">
        <metrics statements="2" coveredstatements="2" conditionals="2" coveredconditionals="2" methods="2" coveredmethods="2"/>
        <line num="23" count="1" type="stmt"/>
        <line num="26" count="2" type="stmt"/>
      </file>
    </package>
    <package name="Code.alter-client.src.features.home.user.constants">
      <metrics statements="7" coveredstatements="7" conditionals="0" coveredconditionals="0" methods="0" coveredmethods="0"/>
      <file name="calendar.ts" path="/Users/hyeon/Code/alter-client/src/features/home/user/constants/calendar.ts">
        <metrics statements="7" coveredstatements="7" conditionals="0" coveredconditionals="0" methods="0" coveredmethods="0"/>
        <line num="1" count="1" type="stmt"/>
        <line num="11" count="1" type="stmt"/>
        <line num="12" count="1" type="stmt"/>
        <line num="14" count="1" type="stmt"/>
        <line num="15" count="1" type="stmt"/>
        <line num="16" count="1" type="stmt"/>
        <line num="18" count="1" type="stmt"/>
      </file>
    </package>
    <package name="Code.alter-client.src.features.home.user.hooks">
      <metrics statements="123" coveredstatements="111" conditionals="57" coveredconditionals="38" methods="34" coveredmethods="33"/>
      <file name="useDailyCalendarViewModel.ts" path="/Users/hyeon/Code/alter-client/src/features/home/user/hooks/useDailyCalendarViewModel.ts">
        <metrics statements="25" coveredstatements="25" conditionals="8" coveredconditionals="5" methods="7" coveredmethods="7"/>
        <line num="2" count="1" type="stmt"/>
        <line num="16" count="5" type="cond" truecount="1" falsecount="1"/>
        <line num="23" count="6" type="stmt"/>
        <line num="37" count="2" type="stmt"/>
        <line num="38" count="5" type="stmt"/>
        <line num="39" count="5" type="stmt"/>
        <line num="41" count="5" type="stmt"/>
        <line num="43" count="5" type="stmt"/>
        <line num="46" count="5" type="stmt"/>
        <line num="47" count="5" type="stmt"/>
        <line num="48" count="5" type="stmt"/>
        <line num="50" count="5" type="stmt"/>
        <line num="51" count="5" type="stmt"/>
        <line num="56" count="5" type="stmt"/>
        <line num="72" count="2" type="stmt"/>
        <line num="73" count="2" type="stmt"/>
        <line num="74" count="2" type="stmt"/>
        <line num="75" count="2" type="stmt"/>
        <line num="76" count="2" type="stmt"/>
        <line num="78" count="2" type="stmt"/>
        <line num="79" count="14" type="stmt"/>
        <line num="80" count="14" type="stmt"/>
        <line num="81" count="14" type="stmt"/>
        <line num="84" count="2" type="stmt"/>
        <line num="91" count="2" type="stmt"/>
      </file>
      <file name="useMonthlyCalendarViewModel.ts" path="/Users/hyeon/Code/alter-client/src/features/home/user/hooks/useMonthlyCalendarViewModel.ts">
        <metrics statements="51" coveredstatements="43" conditionals="21" coveredconditionals="16" methods="10" coveredmethods="9"/>
        <line num="12" count="1" type="stmt"/>
        <line num="28" count="2" type="stmt"/>
        <line num="29" count="2" type="stmt"/>
        <line num="30" count="2" type="stmt"/>
        <line num="31" count="2" type="stmt"/>
        <line num="33" count="2" type="stmt"/>
        <line num="34" count="70" type="stmt"/>
        <line num="46" count="5" type="cond" truecount="1" falsecount="1"/>
        <line num="47" count="5" type="stmt"/>
        <line num="48" count="5" type="stmt"/>
        <line num="49" count="5" type="stmt"/>
        <line num="51" count="5" type="stmt"/>
        <line num="52" count="0" type="stmt"/>
        <line num="53" count="0" type="cond" truecount="0" falsecount="2"/>
        <line num="54" count="0" type="stmt"/>
        <line num="55" count="0" type="stmt"/>
        <line num="57" count="0" type="stmt"/>
        <line num="58" count="0" type="stmt"/>
        <line num="59" count="0" type="stmt"/>
        <line num="62" count="5" type="stmt"/>
        <line num="63" count="5" type="stmt"/>
        <line num="67" count="2" type="stmt"/>
        <line num="69" count="2" type="cond" truecount="2" falsecount="0"/>
        <line num="70" count="5" type="stmt"/>
        <line num="71" count="5" type="stmt"/>
        <line num="73" count="5" type="cond" truecount="1" falsecount="1"/>
        <line num="78" count="0" type="stmt"/>
        <line num="81" count="5" type="stmt"/>
        <line num="82" count="5" type="stmt"/>
        <line num="84" count="5" type="stmt"/>
        <line num="85" count="5" type="stmt"/>
        <line num="86" count="5" type="stmt"/>
        <line num="87" count="5" type="stmt"/>
        <line num="89" count="5" type="cond" truecount="1" falsecount="1"/>
        <line num="90" count="5" type="stmt"/>
        <line num="91" count="5" type="stmt"/>
        <line num="92" count="5" type="stmt"/>
        <line num="93" count="5" type="cond" truecount="2" falsecount="0"/>
        <line num="94" count="5" type="stmt"/>
        <line num="97" count="5" type="stmt"/>
        <line num="101" count="2" type="stmt"/>
        <line num="103" count="5" type="stmt"/>
        <line num="104" count="5" type="stmt"/>
        <line num="105" count="5" type="stmt"/>
        <line num="106" count="5" type="stmt"/>
        <line num="107" count="5" type="stmt"/>
        <line num="119" count="2" type="stmt"/>
        <line num="120" count="2" type="cond" truecount="2" falsecount="0"/>
        <line num="122" count="2" type="stmt"/>
        <line num="124" count="2" type="stmt"/>
        <line num="130" count="2" type="stmt"/>
      </file>
      <file name="useMonthlyDateCellsState.ts" path="/Users/hyeon/Code/alter-client/src/features/home/user/hooks/useMonthlyDateCellsState.ts">
        <metrics statements="10" coveredstatements="10" conditionals="8" coveredconditionals="8" methods="3" coveredmethods="3"/>
        <line num="1" count="1" type="stmt"/>
        <line num="9" count="2" type="stmt"/>
        <line num="11" count="2" type="stmt"/>
        <line num="12" count="70" type="stmt"/>
        <line num="13" count="70" type="cond" truecount="2" falsecount="0"/>
        <line num="14" count="70" type="cond" truecount="2" falsecount="0"/>
        <line num="15" count="70" type="cond" truecount="2" falsecount="0"/>
        <line num="16" count="70" type="stmt"/>
        <line num="17" count="70" type="cond" truecount="2" falsecount="0"/>
        <line num="19" count="70" type="stmt"/>
      </file>
      <file name="useWeeklyCalendarViewModel.ts" path="/Users/hyeon/Code/alter-client/src/features/home/user/hooks/useWeeklyCalendarViewModel.ts">
        <metrics statements="19" coveredstatements="19" conditionals="10" coveredconditionals="6" methods="8" coveredmethods="8"/>
        <line num="2" count="1" type="stmt"/>
        <line num="10" count="1" type="stmt"/>
        <line num="11" count="1" type="cond" truecount="1" falsecount="1"/>
        <line num="18" count="14" type="cond" truecount="1" falsecount="1"/>
        <line num="19" count="14" type="stmt"/>
        <line num="21" count="70" type="stmt"/>
        <line num="22" count="10" type="stmt"/>
        <line num="32" count="1" type="stmt"/>
        <line num="33" count="1" type="stmt"/>
        <line num="34" count="1" type="stmt"/>
        <line num="35" count="1" type="stmt"/>
        <line num="36" count="7" type="stmt"/>
        <line num="40" count="1" type="stmt"/>
        <line num="41" count="7" type="stmt"/>
        <line num="42" count="7" type="stmt"/>
        <line num="43" count="7" type="stmt"/>
        <line num="44" count="7" type="stmt"/>
        <line num="46" count="7" type="stmt"/>
        <line num="58" count="1" type="stmt"/>
      </file>
      <file name="useWorkingStoreCardViewModel.ts" path="/Users/hyeon/Code/alter-client/src/features/home/user/hooks/useWorkingStoreCardViewModel.ts">
        <metrics statements="15" coveredstatements="11" conditionals="10" coveredconditionals="3" methods="4" coveredmethods="4"/>
        <line num="2" count="1" type="stmt"/>
        <line num="6" count="6" type="stmt"/>
        <line num="7" count="6" type="cond" truecount="1" falsecount="1"/>
        <line num="8" count="6" type="stmt"/>
        <line num="12" count="6" type="stmt"/>
        <line num="13" count="6" type="cond" truecount="1" falsecount="1"/>
        <line num="15" count="6" type="stmt"/>
        <line num="16" count="6" type="stmt"/>
        <line num="18" count="6" type="cond" truecount="1" falsecount="1"/>
        <line num="19" count="0" type="cond" truecount="0" falsecount="2"/>
        <line num="20" count="0" type="cond" truecount="0" falsecount="2"/>
        <line num="22" count="0" type="stmt"/>
        <line num="23" count="0" type="stmt"/>
        <line num="27" count="6" type="stmt"/>
        <line num="28" count="6" type="stmt"/>
      </file>
      <file name="useWorkingStoresListViewModel.ts" path="/Users/hyeon/Code/alter-client/src/features/home/user/hooks/useWorkingStoresListViewModel.ts">
        <metrics statements="3" coveredstatements="3" conditionals="0" coveredconditionals="0" methods="2" coveredmethods="2"/>
        <line num="1" count="1" type="stmt"/>
        <line num="5" count="2" type="stmt"/>
        <line num="6" count="2" type="stmt"/>
      </file>
    </package>
    <package name="Code.alter-client.src.features.home.user.lib">
      <metrics statements="38" coveredstatements="38" conditionals="10" coveredconditionals="10" methods="15" coveredmethods="15"/>
      <file name="date.ts" path="/Users/hyeon/Code/alter-client/src/features/home/user/lib/date.ts">
        <metrics statements="38" coveredstatements="38" conditionals="10" coveredconditionals="10" methods="15" coveredmethods="15"/>
        <line num="16" count="2" type="stmt"/>
        <line num="17" count="2" type="stmt"/>
        <line num="18" count="2" type="stmt"/>
        <line num="21" count="7" type="stmt"/>
        <line num="25" count="1" type="stmt"/>
        <line num="29" count="4" type="stmt"/>
        <line num="30" count="4" type="stmt"/>
        <line num="31" count="4" type="stmt"/>
        <line num="32" count="4" type="stmt"/>
        <line num="36" count="1" type="stmt"/>
        <line num="37" count="1" type="stmt"/>
        <line num="38" count="1" type="stmt"/>
        <line num="39" count="1" type="stmt"/>
        <line num="41" count="1" type="stmt"/>
        <line num="42" count="35" type="stmt"/>
        <line num="53" count="2" type="stmt"/>
        <line num="54" count="2" type="stmt"/>
        <line num="56" count="14" type="stmt"/>
        <line num="69" count="4" type="stmt"/>
        <line num="70" count="6" type="stmt"/>
        <line num="72" count="2" type="stmt"/>
        <line num="78" count="1" type="stmt"/>
        <line num="79" count="1" type="stmt"/>
        <line num="80" count="1" type="stmt"/>
        <line num="84" count="1" type="stmt"/>
        <line num="86" count="24" type="stmt"/>
        <line num="91" count="3" type="cond" truecount="2" falsecount="0"/>
        <line num="92" count="1" type="stmt"/>
        <line num="98" count="2" type="cond" truecount="2" falsecount="0"/>
        <line num="99" count="1" type="stmt"/>
        <line num="108" count="1" type="stmt"/>
        <line num="109" count="1" type="stmt"/>
        <line num="120" count="6" type="cond" truecount="2" falsecount="0"/>
        <line num="121" count="6" type="cond" truecount="2" falsecount="0"/>
        <line num="122" count="2" type="stmt"/>
        <line num="124" count="4" type="cond" truecount="2" falsecount="0"/>
        <line num="125" count="2" type="stmt"/>
        <line num="127" count="2" type="stmt"/>
      </file>
    </package>
    <package name="Code.alter-client.src.features.home.user.ui">
      <metrics statements="48" coveredstatements="46" conditionals="61" coveredconditionals="58" methods="18" coveredmethods="18"/>
      <file name="AppliedStoreCard.tsx" path="/Users/hyeon/Code/alter-client/src/features/home/user/ui/AppliedStoreCard.tsx">
        <metrics statements="3" coveredstatements="3" conditionals="5" coveredconditionals="5" methods="1" coveredmethods="1"/>
        <line num="12" count="7" type="stmt"/>
        <line num="14" count="7" type="stmt"/>
        <line num="22" count="2" type="stmt"/>
      </file>
      <file name="AppliedStoreList.tsx" path="/Users/hyeon/Code/alter-client/src/features/home/user/ui/AppliedStoreList.tsx">
        <metrics statements="5" coveredstatements="5" conditionals="3" coveredconditionals="3" methods="2" coveredmethods="2"/>
        <line num="23" count="1" type="stmt"/>
        <line num="24" count="1" type="cond" truecount="2" falsecount="0"/>
        <line num="26" count="1" type="stmt"/>
        <line num="29" count="1" type="stmt"/>
        <line num="38" count="5" type="stmt"/>
      </file>
      <file name="DailyCalendar.tsx" path="/Users/hyeon/Code/alter-client/src/features/home/user/ui/DailyCalendar.tsx">
        <metrics statements="7" coveredstatements="6" conditionals="3" coveredconditionals="2" methods="3" coveredmethods="3"/>
        <line num="22" count="2" type="stmt"/>
        <line num="28" count="2" type="cond" truecount="1" falsecount="1"/>
        <line num="29" count="0" type="stmt"/>
        <line num="31" count="1" type="stmt"/>
        <line num="36" count="2" type="stmt"/>
        <line num="59" count="14" type="stmt"/>
        <line num="76" count="5" type="stmt"/>
      </file>
      <file name="HomeScheduleCalendar.tsx" path="/Users/hyeon/Code/alter-client/src/features/home/user/ui/HomeScheduleCalendar.tsx">
        <metrics statements="2" coveredstatements="2" conditionals="7" coveredconditionals="7" methods="1" coveredmethods="1"/>
        <line num="25" count="5" type="stmt"/>
        <line num="28" count="1" type="stmt"/>
      </file>
      <file name="MonthlyCalendar.tsx" path="/Users/hyeon/Code/alter-client/src/features/home/user/ui/MonthlyCalendar.tsx">
        <metrics statements="7" coveredstatements="7" conditionals="7" coveredconditionals="7" methods="3" coveredmethods="3"/>
        <line num="23" count="2" type="stmt"/>
        <line num="30" count="2" type="cond" truecount="2" falsecount="0"/>
        <line num="31" count="1" type="stmt"/>
        <line num="33" count="1" type="stmt"/>
        <line num="38" count="1" type="stmt"/>
        <line num="58" count="7" type="stmt"/>
        <line num="69" count="35" type="stmt"/>
      </file>
      <file name="MonthlyDateCell.tsx" path="/Users/hyeon/Code/alter-client/src/features/home/user/ui/MonthlyDateCell.tsx">
        <metrics statements="3" coveredstatements="3" conditionals="9" coveredconditionals="9" methods="1" coveredmethods="1"/>
        <line num="20" count="40" type="cond" truecount="2" falsecount="0"/>
        <line num="26" count="40" type="stmt"/>
        <line num="34" count="2" type="stmt"/>
      </file>
      <file name="MonthlyDateGauge.tsx" path="/Users/hyeon/Code/alter-client/src/features/home/user/ui/MonthlyDateGauge.tsx">
        <metrics statements="7" coveredstatements="7" conditionals="4" coveredconditionals="4" methods="1" coveredmethods="1"/>
        <line num="16" count="6" type="stmt"/>
        <line num="17" count="6" type="stmt"/>
        <line num="18" count="6" type="stmt"/>
        <line num="19" count="6" type="stmt"/>
        <line num="20" count="6" type="stmt"/>
        <line num="22" count="6" type="stmt"/>
        <line num="31" count="2" type="stmt"/>
      </file>
      <file name="WeeklyCalendar.tsx" path="/Users/hyeon/Code/alter-client/src/features/home/user/ui/WeeklyCalendar.tsx">
        <metrics statements="7" coveredstatements="6" conditionals="11" coveredconditionals="10" methods="3" coveredmethods="3"/>
        <line num="14" count="1" type="stmt"/>
        <line num="20" count="1" type="cond" truecount="1" falsecount="1"/>
        <line num="21" count="0" type="stmt"/>
        <line num="23" count="1" type="stmt"/>
        <line num="28" count="1" type="stmt"/>
        <line num="45" count="7" type="stmt"/>
        <line num="65" count="7" type="stmt"/>
      </file>
      <file name="WorkingStoreCard.tsx" path="/Users/hyeon/Code/alter-client/src/features/home/user/ui/WorkingStoreCard.tsx">
        <metrics statements="3" coveredstatements="3" conditionals="2" coveredconditionals="1" methods="1" coveredmethods="1"/>
        <line num="16" count="6" type="stmt"/>
        <line num="18" count="6" type="stmt"/>
        <line num="22" count="1" type="stmt"/>
      </file>
      <file name="WorkingStoresList.tsx" path="/Users/hyeon/Code/alter-client/src/features/home/user/ui/WorkingStoresList.tsx">
        <metrics statements="4" coveredstatements="4" conditionals="10" coveredconditionals="10" methods="2" coveredmethods="2"/>
        <line num="25" count="2" type="stmt"/>
        <line num="27" count="2" type="stmt"/>
        <line num="30" count="1" type="stmt"/>
        <line num="52" count="6" type="stmt"/>
      </file>
    </package>
    <package name="Code.alter-client.src.shared.lib">
      <metrics statements="7" coveredstatements="7" conditionals="0" coveredconditionals="0" methods="0" coveredmethods="0"/>
      <file name="tokens.ts" path="/Users/hyeon/Code/alter-client/src/shared/lib/tokens.ts">
        <metrics statements="7" coveredstatements="7" conditionals="0" coveredconditionals="0" methods="0" coveredmethods="0"/>
        <line num="6" count="4" type="stmt"/>
        <line num="38" count="4" type="stmt"/>
        <line num="44" count="4" type="stmt"/>
        <line num="58" count="4" type="stmt"/>
        <line num="77" count="4" type="stmt"/>
        <line num="83" count="4" type="stmt"/>
        <line num="89" count="4" type="stmt"/>
      </file>
    </package>
    <package name="Code.alter-client.src.shared.stores">
      <metrics statements="7" coveredstatements="3" conditionals="0" coveredconditionals="0" methods="5" coveredmethods="2"/>
      <file name="useDocStore.ts" path="/Users/hyeon/Code/alter-client/src/shared/stores/useDocStore.ts">
        <metrics statements="7" coveredstatements="3" conditionals="0" coveredconditionals="0" methods="5" coveredmethods="2"/>
        <line num="4" count="1" type="stmt"/>
        <line num="14" count="1" type="stmt"/>
        <line num="34" count="1" type="stmt"/>
        <line num="36" count="0" type="stmt"/>
        <line num="38" count="0" type="stmt"/>
        <line num="39" count="0" type="stmt"/>
        <line num="41" count="0" type="stmt"/>
      </file>
    </package>
    <package name="Code.alter-client.src.shared.ui">
      <metrics statements="4" coveredstatements="4" conditionals="4" coveredconditionals="4" methods="2" coveredmethods="2"/>
      <file name="MobileLayout.tsx" path="/Users/hyeon/Code/alter-client/src/shared/ui/MobileLayout.tsx">
        <metrics statements="2" coveredstatements="2" conditionals="2" coveredconditionals="2" methods="1" coveredmethods="1"/>
        <line num="14" count="1" type="stmt"/>
        <line num="16" count="1" type="stmt"/>
      </file>
      <file name="Spinner.tsx" path="/Users/hyeon/Code/alter-client/src/shared/ui/Spinner.tsx">
        <metrics statements="2" coveredstatements="2" conditionals="2" coveredconditionals="2" methods="1" coveredmethods="1"/>
        <line num="7" count="3" type="stmt"/>
        <line num="8" count="1" type="stmt"/>
      </file>
    </package>
    <package name="Code.alter-client.src.shared.ui.common">
      <metrics statements="36" coveredstatements="16" conditionals="26" coveredconditionals="24" methods="17" coveredmethods="6"/>
      <file name="AuthButton.tsx" path="/Users/hyeon/Code/alter-client/src/shared/ui/common/AuthButton.tsx">
        <metrics statements="2" coveredstatements="2" conditionals="7" coveredconditionals="7" methods="1" coveredmethods="1"/>
        <line num="11" count="2" type="stmt"/>
        <line num="12" count="1" type="stmt"/>
      </file>
      <file name="AuthInput.tsx" path="/Users/hyeon/Code/alter-client/src/shared/ui/common/AuthInput.tsx">
        <metrics statements="2" coveredstatements="2" conditionals="3" coveredconditionals="3" methods="1" coveredmethods="1"/>
        <line num="13" count="3" type="stmt"/>
        <line num="14" count="1" type="stmt"/>
      </file>
      <file name="Docbar.tsx" path="/Users/hyeon/Code/alter-client/src/shared/ui/common/Docbar.tsx">
        <metrics statements="21" coveredstatements="5" conditionals="4" coveredconditionals="4" methods="12" coveredmethods="2"/>
        <line num="7" count="1" type="stmt"/>
        <line num="26" count="15" type="stmt"/>
        <line num="28" count="15" type="stmt"/>
        <line num="34" count="1" type="stmt"/>
        <line num="61" count="3" type="stmt"/>
        <line num="69" count="0" type="stmt"/>
        <line num="76" count="0" type="stmt"/>
        <line num="83" count="0" type="stmt"/>
        <line num="90" count="0" type="stmt"/>
        <line num="97" count="0" type="stmt"/>
        <line num="105" count="0" type="stmt"/>
        <line num="106" count="0" type="stmt"/>
        <line num="107" count="0" type="stmt"/>
        <line num="108" count="0" type="stmt"/>
        <line num="109" count="0" type="stmt"/>
        <line num="112" count="0" type="stmt"/>
        <line num="113" count="0" type="stmt"/>
        <line num="116" count="0" type="stmt"/>
        <line num="124" count="0" type="stmt"/>
        <line num="125" count="0" type="stmt"/>
        <line num="128" count="0" type="stmt"/>
      </file>
      <file name="MoreButton.tsx" path="/Users/hyeon/Code/alter-client/src/shared/ui/common/MoreButton.tsx">
        <metrics statements="2" coveredstatements="2" conditionals="2" coveredconditionals="2" methods="1" coveredmethods="1"/>
        <line num="12" count="3" type="stmt"/>
        <line num="13" count="2" type="stmt"/>
      </file>
      <file name="Navbar.tsx" path="/Users/hyeon/Code/alter-client/src/shared/ui/common/Navbar.tsx">
        <metrics statements="9" coveredstatements="5" conditionals="10" coveredconditionals="8" methods="2" coveredmethods="1"/>
        <line num="21" count="2" type="stmt"/>
        <line num="22" count="2" type="stmt"/>
        <line num="24" count="2" type="stmt"/>
        <line num="25" count="0" type="cond" truecount="0" falsecount="2"/>
        <line num="26" count="0" type="stmt"/>
        <line num="27" count="0" type="stmt"/>
        <line num="29" count="0" type="stmt"/>
        <line num="32" count="2" type="stmt"/>
        <line num="37" count="1" type="stmt"/>
      </file>
    </package>
    <package name="Code.alter-client.src.shared.ui.home">
      <metrics statements="10" coveredstatements="10" conditionals="4" coveredconditionals="4" methods="3" coveredmethods="3"/>
      <file name="ApplicationStatusBadge.tsx" path="/Users/hyeon/Code/alter-client/src/shared/ui/home/ApplicationStatusBadge.tsx">
        <metrics statements="4" coveredstatements="4" conditionals="1" coveredconditionals="1" methods="1" coveredmethods="1"/>
        <line num="6" count="3" type="stmt"/>
        <line num="23" count="9" type="stmt"/>
        <line num="25" count="9" type="stmt"/>
        <line num="29" count="3" type="stmt"/>
      </file>
      <file name="WorkCategoryBadge.tsx" path="/Users/hyeon/Code/alter-client/src/shared/ui/home/WorkCategoryBadge.tsx">
        <metrics statements="2" coveredstatements="2" conditionals="2" coveredconditionals="2" methods="1" coveredmethods="1"/>
        <line num="10" count="3" type="stmt"/>
        <line num="14" count="2" type="stmt"/>
      </file>
      <file name="WorkerRoleBadge.tsx" path="/Users/hyeon/Code/alter-client/src/shared/ui/home/WorkerRoleBadge.tsx">
        <metrics statements="4" coveredstatements="4" conditionals="1" coveredconditionals="1" methods="1" coveredmethods="1"/>
        <line num="8" count="2" type="stmt"/>
        <line num="23" count="4" type="stmt"/>
        <line num="25" count="4" type="stmt"/>
        <line num="29" count="2" type="stmt"/>
      </file>
    </package>
    <package name="Code.alter-client.src.shared.ui.manager">
      <metrics statements="17" coveredstatements="15" conditionals="11" coveredconditionals="9" methods="11" coveredmethods="9"/>
      <file name="OngoingPostingCard.tsx" path="/Users/hyeon/Code/alter-client/src/shared/ui/manager/OngoingPostingCard.tsx">
        <metrics statements="5" coveredstatements="4" conditionals="2" coveredconditionals="2" methods="4" coveredmethods="3"/>
        <line num="27" count="3" type="stmt"/>
        <line num="34" count="1" type="stmt"/>
        <line num="57" count="2" type="stmt"/>
        <line num="61" count="3" type="stmt"/>
        <line num="64" count="0" type="stmt"/>
      </file>
      <file name="SubstituteApprovalCard.tsx" path="/Users/hyeon/Code/alter-client/src/shared/ui/manager/SubstituteApprovalCard.tsx">
        <metrics statements="7" coveredstatements="6" conditionals="4" coveredconditionals="3" methods="4" coveredmethods="3"/>
        <line num="23" count="1" type="stmt"/>
        <line num="45" count="3" type="stmt"/>
        <line num="47" count="3" type="stmt"/>
        <line num="55" count="1" type="stmt"/>
        <line num="94" count="1" type="stmt"/>
        <line num="98" count="3" type="stmt"/>
        <line num="101" count="0" type="stmt"/>
      </file>
      <file name="WorkerImageCard.tsx" path="/Users/hyeon/Code/alter-client/src/shared/ui/manager/WorkerImageCard.tsx">
        <metrics statements="2" coveredstatements="2" conditionals="3" coveredconditionals="3" methods="1" coveredmethods="1"/>
        <line num="16" count="2" type="stmt"/>
        <line num="22" count="1" type="stmt"/>
      </file>
      <file name="WorkerListItem.tsx" path="/Users/hyeon/Code/alter-client/src/shared/ui/manager/WorkerListItem.tsx">
        <metrics statements="3" coveredstatements="3" conditionals="2" coveredconditionals="1" methods="2" coveredmethods="2"/>
        <line num="18" count="2" type="stmt"/>
        <line num="28" count="1" type="stmt"/>
        <line num="42" count="2" type="stmt"/>
      </file>
    </package>
    <package name="Code.alter-client.src.shared.ui.manager.alba-find">
      <metrics statements="2" coveredstatements="2" conditionals="7" coveredconditionals="7" methods="1" coveredmethods="1"/>
      <file name="Albabox.tsx" path="/Users/hyeon/Code/alter-client/src/shared/ui/manager/alba-find/Albabox.tsx">
        <metrics statements="2" coveredstatements="2" conditionals="7" coveredconditionals="7" methods="1" coveredmethods="1"/>
        <line num="28" count="3" type="stmt"/>
        <line num="31" count="1" type="stmt"/>
      </file>
    </package>
    <package name="Code.alter-client.src.shared.ui.manager.social">
      <metrics statements="34" coveredstatements="7" conditionals="17" coveredconditionals="6" methods="10" coveredmethods="2"/>
      <file name="SocialCategory.tsx" path="/Users/hyeon/Code/alter-client/src/shared/ui/manager/social/SocialCategory.tsx">
        <metrics statements="2" coveredstatements="2" conditionals="3" coveredconditionals="3" methods="1" coveredmethods="1"/>
        <line num="7" count="2" type="stmt"/>
        <line num="8" count="1" type="stmt"/>
      </file>
      <file name="SocialList.tsx" path="/Users/hyeon/Code/alter-client/src/shared/ui/manager/social/SocialList.tsx">
        <metrics statements="32" coveredstatements="5" conditionals="14" coveredconditionals="3" methods="9" coveredmethods="1"/>
        <line num="1" count="1" type="stmt"/>
        <line num="20" count="1" type="stmt"/>
        <line num="21" count="1" type="stmt"/>
        <line num="29" count="3" type="stmt"/>
        <line num="31" count="1" type="stmt"/>
        <line num="62" count="0" type="stmt"/>
        <line num="63" count="0" type="stmt"/>
        <line num="65" count="0" type="stmt"/>
        <line num="66" count="0" type="stmt"/>
        <line num="67" count="0" type="stmt"/>
        <line num="69" count="0" type="stmt"/>
        <line num="70" count="0" type="stmt"/>
        <line num="71" count="0" type="stmt"/>
        <line num="72" count="0" type="stmt"/>
        <line num="73" count="0" type="stmt"/>
        <line num="74" count="0" type="stmt"/>
        <line num="77" count="0" type="stmt"/>
        <line num="78" count="0" type="cond" truecount="0" falsecount="4"/>
        <line num="80" count="0" type="stmt"/>
        <line num="81" count="0" type="stmt"/>
        <line num="85" count="0" type="stmt"/>
        <line num="88" count="0" type="stmt"/>
        <line num="89" count="0" type="cond" truecount="0" falsecount="2"/>
        <line num="91" count="0" type="stmt"/>
        <line num="92" count="0" type="stmt"/>
        <line num="93" count="0" type="cond" truecount="0" falsecount="2"/>
        <line num="96" count="0" type="stmt"/>
        <line num="97" count="0" type="stmt"/>
        <line num="100" count="0" type="stmt"/>
        <line num="101" count="0" type="stmt"/>
        <line num="104" count="0" type="stmt"/>
        <line num="136" count="0" type="stmt"/>
      </file>
    </package>
  </project>
</coverage>
