{"/Users/hyeon/Code/alter-client": {"path":"/Users/hyeon/Code/alter-client","statementMap":{},"fnMap":{},"branchMap":{},"s":{},"f":{},"b":{},"meta":{"lastBranch":0,"lastFunction":0,"lastStatement":0,"seen":{}}}
,"/Users/hyeon/Code/alter-client/src/features/home/manager/ui/StoreWorkerListItem.tsx": {"path":"/Users/hyeon/Code/alter-client/src/features/home/manager/ui/StoreWorkerListItem.tsx","statementMap":{"0":{"start":{"line":33,"column":12},"end":{"line":33,"column":13}},"1":{"start":{"line":26,"column":2},"end":{"line":61,"column":null}}},"fnMap":{"0":{"name":"StoreWorkerListItem","decl":{"start":{"line":18,"column":16},"end":{"line":18,"column":36}},"loc":{"start":{"line":25,"column":29},"end":{"line":63,"column":null}},"line":25}},"branchMap":{"0":{"loc":{"start":{"line":24,"column":2},"end":{"line":24,"column":null}},"type":"default-arg","locations":[{"start":{"line":24,"column":14},"end":{"line":24,"column":null}}],"line":24},"1":{"loc":{"start":{"line":32,"column":11},"end":{"line":38,"column":null}},"type":"cond-expr","locations":[{"start":{"line":33,"column":12},"end":{"line":37,"column":null}},{"start":{"line":38,"column":14},"end":{"line":38,"column":null}}],"line":32}},"s":{"0":1,"1":2},"f":{"0":2},"b":{"0":[2],"1":[0,2]},"meta":{"lastBranch":2,"lastFunction":1,"lastStatement":2,"seen":{"s:33:12:33:13":0,"f:18:16:18:36":0,"b:24:14:24:Infinity":0,"s:26:2:61:Infinity":1,"b:33:12:37:Infinity:38:14:38:Infinity":1}}}
,"/Users/hyeon/Code/alter-client/src/features/home/manager/ui/TodayWorkerList.tsx": {"path":"/Users/hyeon/Code/alter-client/src/features/home/manager/ui/TodayWorkerList.tsx","statementMap":{"0":{"start":{"line":18,"column":10},"end":{"line":18,"column":11}},"1":{"start":{"line":14,"column":2},"end":{"line":31,"column":null}},"2":{"start":{"line":39,"column":2},"end":{"line":52,"column":null}},"3":{"start":{"line":48,"column":12},"end":{"line":48,"column":null}}},"fnMap":{"0":{"name":"TodayWorkerCard","decl":{"start":{"line":13,"column":9},"end":{"line":13,"column":25}},"loc":{"start":{"line":13,"column":66},"end":{"line":33,"column":null}},"line":13},"1":{"name":"TodayWorkerList","decl":{"start":{"line":35,"column":16},"end":{"line":35,"column":32}},"loc":{"start":{"line":38,"column":25},"end":{"line":54,"column":null}},"line":38},"2":{"name":"(anonymous_2)","decl":{"start":{"line":47,"column":23},"end":{"line":47,"column":null}},"loc":{"start":{"line":48,"column":12},"end":{"line":48,"column":null}},"line":48}},"branchMap":{"0":{"loc":{"start":{"line":17,"column":9},"end":{"line":23,"column":null}},"type":"cond-expr","locations":[{"start":{"line":18,"column":10},"end":{"line":22,"column":null}},{"start":{"line":23,"column":12},"end":{"line":23,"column":null}}],"line":17},"1":{"loc":{"start":{"line":37,"column":2},"end":{"line":37,"column":null}},"type":"default-arg","locations":[{"start":{"line":37,"column":14},"end":{"line":37,"column":null}}],"line":37}},"s":{"0":1,"1":3,"2":1,"3":3},"f":{"0":3,"1":1,"2":3},"b":{"0":[0,3],"1":[1]},"meta":{"lastBranch":2,"lastFunction":3,"lastStatement":4,"seen":{"s:18:10:18:11":0,"f:13:9:13:25":0,"s:14:2:31:Infinity":1,"b:18:10:22:Infinity:23:12:23:Infinity":0,"f:35:16:35:32":1,"b:37:14:37:Infinity":1,"s:39:2:52:Infinity":2,"f:47:23:47:Infinity":2,"s:48:12:48:Infinity":3}}}
,"/Users/hyeon/Code/alter-client/src/features/home/manager/ui/WorkspaceChangeCard.tsx": {"path":"/Users/hyeon/Code/alter-client/src/features/home/manager/ui/WorkspaceChangeCard.tsx","statementMap":{"0":{"start":{"line":43,"column":10},"end":{"line":43,"column":11}},"1":{"start":{"line":34,"column":2},"end":{"line":78,"column":null}},"2":{"start":{"line":36,"column":21},"end":{"line":36,"column":null}},"3":{"start":{"line":70,"column":10},"end":{"line":70,"column":null}},"4":{"start":{"line":71,"column":10},"end":{"line":71,"column":null}}},"fnMap":{"0":{"name":"WorkspaceChangeCard","decl":{"start":{"line":26,"column":16},"end":{"line":26,"column":36}},"loc":{"start":{"line":33,"column":29},"end":{"line":80,"column":null}},"line":33},"1":{"name":"(anonymous_1)","decl":{"start":{"line":36,"column":15},"end":{"line":36,"column":21}},"loc":{"start":{"line":36,"column":21},"end":{"line":36,"column":null}},"line":36},"2":{"name":"(anonymous_2)","decl":{"start":{"line":69,"column":17},"end":{"line":69,"column":26}},"loc":{"start":{"line":69,"column":26},"end":{"line":72,"column":null}},"line":69}},"branchMap":{"0":{"loc":{"start":{"line":28,"column":2},"end":{"line":28,"column":null}},"type":"default-arg","locations":[{"start":{"line":28,"column":15},"end":{"line":28,"column":null}}],"line":28},"1":{"loc":{"start":{"line":29,"column":2},"end":{"line":29,"column":null}},"type":"default-arg","locations":[{"start":{"line":29,"column":18},"end":{"line":29,"column":null}}],"line":29},"2":{"loc":{"start":{"line":30,"column":2},"end":{"line":30,"column":null}},"type":"default-arg","locations":[{"start":{"line":30,"column":14},"end":{"line":30,"column":null}}],"line":30},"3":{"loc":{"start":{"line":38,"column":8},"end":{"line":38,"column":null}},"type":"cond-expr","locations":[{"start":{"line":38,"column":21},"end":{"line":38,"column":54}},{"start":{"line":38,"column":54},"end":{"line":38,"column":null}}],"line":38},"4":{"loc":{"start":{"line":39,"column":10},"end":{"line":39,"column":41}},"type":"cond-expr","locations":[{"start":{"line":39,"column":20},"end":{"line":39,"column":39}},{"start":{"line":39,"column":39},"end":{"line":39,"column":41}}],"line":39},"5":{"loc":{"start":{"line":55,"column":14},"end":{"line":55,"column":null}},"type":"cond-expr","locations":[{"start":{"line":55,"column":27},"end":{"line":55,"column":38}},{"start":{"line":55,"column":38},"end":{"line":55,"column":null}}],"line":55}},"s":{"0":1,"1":2,"2":0,"3":0,"4":0},"f":{"0":2,"1":0,"2":0},"b":{"0":[2],"1":[2],"2":[2],"3":[1,1],"4":[0,2],"5":[1,1]},"meta":{"lastBranch":6,"lastFunction":3,"lastStatement":5,"seen":{"s:43:10:43:11":0,"f:26:16:26:36":0,"b:28:15:28:Infinity":0,"b:29:18:29:Infinity":1,"b:30:14:30:Infinity":2,"s:34:2:78:Infinity":1,"f:36:15:36:21":1,"s:36:21:36:Infinity":2,"b:38:21:38:54:38:54:38:Infinity":3,"b:39:20:39:39:39:39:39:41":4,"b:55:27:55:38:55:38:55:Infinity":5,"f:69:17:69:26":2,"s:70:10:70:Infinity":3,"s:71:10:71:Infinity":4}}}
,"/Users/hyeon/Code/alter-client/src/features/home/manager/ui/WorkspaceChangeList.tsx": {"path":"/Users/hyeon/Code/alter-client/src/features/home/manager/ui/WorkspaceChangeList.tsx","statementMap":{"0":{"start":{"line":26,"column":8},"end":{"line":26,"column":9}},"1":{"start":{"line":23,"column":2},"end":{"line":35,"column":null}},"2":{"start":{"line":26,"column":8},"end":{"line":33,"column":null}}},"fnMap":{"0":{"name":"WorkspaceChangeList","decl":{"start":{"line":15,"column":16},"end":{"line":15,"column":36}},"loc":{"start":{"line":22,"column":29},"end":{"line":37,"column":null}},"line":22},"1":{"name":"(anonymous_1)","decl":{"start":{"line":25,"column":22},"end":{"line":25,"column":null}},"loc":{"start":{"line":26,"column":8},"end":{"line":33,"column":null}},"line":26}},"branchMap":{"0":{"loc":{"start":{"line":18,"column":2},"end":{"line":18,"column":null}},"type":"default-arg","locations":[{"start":{"line":18,"column":18},"end":{"line":18,"column":null}}],"line":18},"1":{"loc":{"start":{"line":19,"column":2},"end":{"line":19,"column":null}},"type":"default-arg","locations":[{"start":{"line":19,"column":14},"end":{"line":19,"column":null}}],"line":19}},"s":{"0":1,"1":1,"2":2},"f":{"0":1,"1":2},"b":{"0":[1],"1":[1]},"meta":{"lastBranch":2,"lastFunction":2,"lastStatement":3,"seen":{"s:26:8:26:9":0,"f:15:16:15:36":0,"b:18:18:18:Infinity":0,"b:19:14:19:Infinity":1,"s:23:2:35:Infinity":1,"f:25:22:25:Infinity":1,"s:26:8:33:Infinity":2}}}
,"/Users/hyeon/Code/alter-client/src/features/home/user/constants/calendar.ts": {"path":"/Users/hyeon/Code/alter-client/src/features/home/user/constants/calendar.ts","statementMap":{"0":{"start":{"line":1,"column":30},"end":{"line":9,"column":null}},"1":{"start":{"line":11,"column":31},"end":{"line":11,"column":null}},"2":{"start":{"line":12,"column":34},"end":{"line":12,"column":null}},"3":{"start":{"line":14,"column":37},"end":{"line":14,"column":null}},"4":{"start":{"line":15,"column":41},"end":{"line":15,"column":null}},"5":{"start":{"line":16,"column":39},"end":{"line":16,"column":null}},"6":{"start":{"line":18,"column":62},"end":{"line":23,"column":null}}},"fnMap":{},"branchMap":{},"s":{"0":1,"1":1,"2":1,"3":1,"4":1,"5":1,"6":1},"f":{},"b":{},"meta":{"lastBranch":0,"lastFunction":0,"lastStatement":7,"seen":{"s:1:30:9:Infinity":0,"s:11:31:11:Infinity":1,"s:12:34:12:Infinity":2,"s:14:37:14:Infinity":3,"s:15:41:15:Infinity":4,"s:16:39:16:Infinity":5,"s:18:62:23:Infinity":6}}}
,"/Users/hyeon/Code/alter-client/src/features/home/user/hooks/useDailyCalendarViewModel.ts": {"path":"/Users/hyeon/Code/alter-client/src/features/home/user/hooks/useDailyCalendarViewModel.ts","statementMap":{"0":{"start":{"line":2,"column":24},"end":{"line":2,"column":null}},"1":{"start":{"line":16,"column":2},"end":{"line":16,"column":null}},"2":{"start":{"line":23,"column":2},"end":{"line":23,"column":null}},"3":{"start":{"line":37,"column":2},"end":{"line":64,"column":null}},"4":{"start":{"line":38,"column":22},"end":{"line":38,"column":null}},"5":{"start":{"line":39,"column":20},"end":{"line":39,"column":null}},"6":{"start":{"line":41,"column":10},"end":{"line":42,"column":null}},"7":{"start":{"line":43,"column":10},"end":{"line":44,"column":null}},"8":{"start":{"line":46,"column":25},"end":{"line":46,"column":null}},"9":{"start":{"line":47,"column":23},"end":{"line":47,"column":null}},"10":{"start":{"line":48,"column":28},"end":{"line":48,"column":null}},"11":{"start":{"line":50,"column":17},"end":{"line":50,"column":null}},"12":{"start":{"line":51,"column":19},"end":{"line":54,"column":null}},"13":{"start":{"line":56,"column":4},"end":{"line":63,"column":null}},"14":{"start":{"line":72,"column":2},"end":{"line":102,"column":null}},"15":{"start":{"line":73,"column":27},"end":{"line":73,"column":null}},"16":{"start":{"line":74,"column":30},"end":{"line":74,"column":null}},"17":{"start":{"line":75,"column":28},"end":{"line":75,"column":null}},"18":{"start":{"line":76,"column":10},"end":{"line":76,"column":null}},"19":{"start":{"line":78,"column":26},"end":{"line":82,"column":null}},"20":{"start":{"line":79,"column":20},"end":{"line":79,"column":null}},"21":{"start":{"line":80,"column":12},"end":{"line":80,"column":null}},"22":{"start":{"line":81,"column":6},"end":{"line":81,"column":null}},"23":{"start":{"line":84,"column":24},"end":{"line":89,"column":null}},"24":{"start":{"line":91,"column":4},"end":{"line":101,"column":null}}},"fnMap":{"0":{"name":"getStatusStyle","decl":{"start":{"line":15,"column":9},"end":{"line":15,"column":24}},"loc":{"start":{"line":15,"column":40},"end":{"line":17,"column":null}},"line":15},"1":{"name":"sortByStartTime","decl":{"start":{"line":19,"column":9},"end":{"line":19,"column":null}},"loc":{"start":{"line":22,"column":2},"end":{"line":24,"column":null}},"line":22},"2":{"name":"buildDailyEventBlocks","decl":{"start":{"line":26,"column":9},"end":{"line":26,"column":31}},"loc":{"start":{"line":36,"column":3},"end":{"line":65,"column":null}},"line":36},"3":{"name":"(anonymous_3)","decl":{"start":{"line":37,"column":47},"end":{"line":37,"column":56}},"loc":{"start":{"line":37,"column":56},"end":{"line":64,"column":3}},"line":37},"4":{"name":"useDailyCalendarViewModel","decl":{"start":{"line":67,"column":16},"end":{"line":67,"column":42}},"loc":{"start":{"line":71,"column":51},"end":{"line":103,"column":null}},"line":71},"5":{"name":"(anonymous_5)","decl":{"start":{"line":72,"column":17},"end":{"line":72,"column":23}},"loc":{"start":{"line":72,"column":23},"end":{"line":102,"column":5}},"line":72},"6":{"name":"(anonymous_6)","decl":{"start":{"line":78,"column":52},"end":{"line":78,"column":53}},"loc":{"start":{"line":78,"column":64},"end":{"line":82,"column":5}},"line":78}},"branchMap":{"0":{"loc":{"start":{"line":16,"column":9},"end":{"line":16,"column":null}},"type":"binary-expr","locations":[{"start":{"line":16,"column":9},"end":{"line":16,"column":43}},{"start":{"line":16,"column":43},"end":{"line":16,"column":null}}],"line":16},"1":{"loc":{"start":{"line":85,"column":14},"end":{"line":85,"column":null}},"type":"binary-expr","locations":[{"start":{"line":85,"column":14},"end":{"line":85,"column":30}},{"start":{"line":85,"column":30},"end":{"line":85,"column":null}}],"line":85},"2":{"loc":{"start":{"line":92,"column":13},"end":{"line":92,"column":null}},"type":"binary-expr","locations":[{"start":{"line":92,"column":13},"end":{"line":92,"column":30}},{"start":{"line":92,"column":30},"end":{"line":92,"column":null}}],"line":92},"3":{"loc":{"start":{"line":94,"column":33},"end":{"line":94,"column":66}},"type":"binary-expr","locations":[{"start":{"line":94,"column":33},"end":{"line":94,"column":65}},{"start":{"line":94,"column":65},"end":{"line":94,"column":66}}],"line":94}},"s":{"0":1,"1":5,"2":6,"3":2,"4":5,"5":5,"6":5,"7":5,"8":5,"9":5,"10":5,"11":5,"12":5,"13":5,"14":2,"15":2,"16":2,"17":2,"18":2,"19":2,"20":14,"21":14,"22":14,"23":2,"24":2},"f":{"0":5,"1":6,"2":2,"3":5,"4":2,"5":2,"6":14},"b":{"0":[5,0],"1":[2,0],"2":[2,1],"3":[2,0]},"meta":{"lastBranch":4,"lastFunction":7,"lastStatement":25,"seen":{"s:2:24:2:Infinity":0,"f:15:9:15:24":0,"s:16:2:16:Infinity":1,"b:16:9:16:43:16:43:16:Infinity":0,"f:19:9:19:Infinity":1,"s:23:2:23:Infinity":2,"f:26:9:26:31":2,"s:37:2:64:Infinity":3,"f:37:47:37:56":3,"s:38:22:38:Infinity":4,"s:39:20:39:Infinity":5,"s:41:10:42:Infinity":6,"s:43:10:44:Infinity":7,"s:46:25:46:Infinity":8,"s:47:23:47:Infinity":9,"s:48:28:48:Infinity":10,"s:50:17:50:Infinity":11,"s:51:19:54:Infinity":12,"s:56:4:63:Infinity":13,"f:67:16:67:42":4,"s:72:2:102:Infinity":14,"f:72:17:72:23":5,"s:73:27:73:Infinity":15,"s:74:30:74:Infinity":16,"s:75:28:75:Infinity":17,"s:76:10:76:Infinity":18,"s:78:26:82:Infinity":19,"f:78:52:78:53":6,"s:79:20:79:Infinity":20,"s:80:12:80:Infinity":21,"s:81:6:81:Infinity":22,"s:84:24:89:Infinity":23,"b:85:14:85:30:85:30:85:Infinity":1,"s:91:4:101:Infinity":24,"b:92:13:92:30:92:30:92:Infinity":2,"b:94:33:94:65:94:65:94:66":3}}}
,"/Users/hyeon/Code/alter-client/src/features/home/user/hooks/useMonthlyCalendarViewModel.ts": {"path":"/Users/hyeon/Code/alter-client/src/features/home/user/hooks/useMonthlyCalendarViewModel.ts","statementMap":{"0":{"start":{"line":12,"column":24},"end":{"line":12,"column":null}},"1":{"start":{"line":28,"column":21},"end":{"line":28,"column":null}},"2":{"start":{"line":29,"column":19},"end":{"line":29,"column":null}},"3":{"start":{"line":30,"column":24},"end":{"line":30,"column":null}},"4":{"start":{"line":31,"column":22},"end":{"line":31,"column":null}},"5":{"start":{"line":33,"column":2},"end":{"line":40,"column":null}},"6":{"start":{"line":34,"column":13},"end":{"line":39,"column":null}},"7":{"start":{"line":46,"column":2},"end":{"line":46,"column":null}},"8":{"start":{"line":46,"column":27},"end":{"line":46,"column":null}},"9":{"start":{"line":47,"column":17},"end":{"line":47,"column":null}},"10":{"start":{"line":47,"column":44},"end":{"line":47,"column":55}},"11":{"start":{"line":48,"column":35},"end":{"line":48,"column":null}},"12":{"start":{"line":49,"column":14},"end":{"line":49,"column":null}},"13":{"start":{"line":51,"column":2},"end":{"line":60,"column":null}},"14":{"start":{"line":51,"column":17},"end":{"line":51,"column":20}},"15":{"start":{"line":52,"column":33},"end":{"line":52,"column":null}},"16":{"start":{"line":53,"column":4},"end":{"line":56,"column":null}},"17":{"start":{"line":54,"column":6},"end":{"line":54,"column":null}},"18":{"start":{"line":55,"column":6},"end":{"line":55,"column":null}},"19":{"start":{"line":57,"column":4},"end":{"line":57,"column":null}},"20":{"start":{"line":58,"column":4},"end":{"line":58,"column":null}},"21":{"start":{"line":59,"column":4},"end":{"line":59,"column":null}},"22":{"start":{"line":62,"column":2},"end":{"line":62,"column":null}},"23":{"start":{"line":63,"column":2},"end":{"line":63,"column":null}},"24":{"start":{"line":67,"column":54},"end":{"line":67,"column":null}},"25":{"start":{"line":69,"column":3},"end":{"line":99,"column":null}},"26":{"start":{"line":70,"column":18},"end":{"line":70,"column":null}},"27":{"start":{"line":71,"column":16},"end":{"line":71,"column":null}},"28":{"start":{"line":73,"column":4},"end":{"line":79,"column":null}},"29":{"start":{"line":78,"column":6},"end":{"line":78,"column":null}},"30":{"start":{"line":81,"column":17},"end":{"line":81,"column":null}},"31":{"start":{"line":82,"column":20},"end":{"line":82,"column":null}},"32":{"start":{"line":84,"column":4},"end":{"line":98,"column":null}},"33":{"start":{"line":85,"column":22},"end":{"line":85,"column":null}},"34":{"start":{"line":86,"column":24},"end":{"line":86,"column":null}},"35":{"start":{"line":87,"column":22},"end":{"line":87,"column":null}},"36":{"start":{"line":89,"column":6},"end":{"line":95,"column":null}},"37":{"start":{"line":90,"column":23},"end":{"line":90,"column":null}},"38":{"start":{"line":91,"column":14},"end":{"line":91,"column":null}},"39":{"start":{"line":92,"column":14},"end":{"line":92,"column":null}},"40":{"start":{"line":93,"column":8},"end":{"line":93,"column":null}},"41":{"start":{"line":94,"column":8},"end":{"line":94,"column":null}},"42":{"start":{"line":97,"column":6},"end":{"line":97,"column":null}},"43":{"start":{"line":101,"column":2},"end":{"line":110,"column":null}},"44":{"start":{"line":103,"column":30},"end":{"line":103,"column":null}},"45":{"start":{"line":104,"column":23},"end":{"line":104,"column":null}},"46":{"start":{"line":105,"column":26},"end":{"line":105,"column":null}},"47":{"start":{"line":106,"column":6},"end":{"line":106,"column":null}},"48":{"start":{"line":107,"column":6},"end":{"line":107,"column":null}},"49":{"start":{"line":119,"column":16},"end":{"line":119,"column":null}},"50":{"start":{"line":119,"column":30},"end":{"line":119,"column":57}},"51":{"start":{"line":120,"column":22},"end":{"line":120,"column":null}},"52":{"start":{"line":122,"column":27},"end":{"line":122,"column":null}},"53":{"start":{"line":122,"column":41},"end":{"line":122,"column":68}},"54":{"start":{"line":124,"column":32},"end":{"line":128,"column":null}},"55":{"start":{"line":130,"column":2},"end":{"line":138,"column":null}}},"fnMap":{"0":{"name":"getMonthlyCells","decl":{"start":{"line":27,"column":9},"end":{"line":27,"column":25}},"loc":{"start":{"line":27,"column":61},"end":{"line":41,"column":null}},"line":27},"1":{"name":"(anonymous_1)","decl":{"start":{"line":34,"column":4},"end":{"line":34,"column":13}},"loc":{"start":{"line":34,"column":13},"end":{"line":39,"column":null}},"line":34},"2":{"name":"mergeMinuteRanges","decl":{"start":{"line":45,"column":9},"end":{"line":45,"column":27}},"loc":{"start":{"line":45,"column":50},"end":{"line":64,"column":null}},"line":45},"3":{"name":"(anonymous_3)","decl":{"start":{"line":47,"column":34},"end":{"line":47,"column":35}},"loc":{"start":{"line":47,"column":44},"end":{"line":47,"column":55}},"line":47},"4":{"name":"getDayMetricsByDate","decl":{"start":{"line":66,"column":9},"end":{"line":66,"column":29}},"loc":{"start":{"line":66,"column":60},"end":{"line":111,"column":null}},"line":66},"5":{"name":"(anonymous_5)","decl":{"start":{"line":69,"column":32},"end":{"line":69,"column":41}},"loc":{"start":{"line":69,"column":41},"end":{"line":99,"column":3}},"line":69},"6":{"name":"(anonymous_6)","decl":{"start":{"line":102,"column":4},"end":{"line":102,"column":5}},"loc":{"start":{"line":102,"column":32},"end":{"line":108,"column":null}},"line":102},"7":{"name":"useMonthlyCalendarViewModel","decl":{"start":{"line":113,"column":16},"end":{"line":113,"column":44}},"loc":{"start":{"line":118,"column":55},"end":{"line":139,"column":null}},"line":118},"8":{"name":"(anonymous_8)","decl":{"start":{"line":119,"column":24},"end":{"line":119,"column":30}},"loc":{"start":{"line":119,"column":30},"end":{"line":119,"column":57}},"line":119},"9":{"name":"(anonymous_9)","decl":{"start":{"line":122,"column":35},"end":{"line":122,"column":41}},"loc":{"start":{"line":122,"column":41},"end":{"line":122,"column":68}},"line":122}},"branchMap":{"0":{"loc":{"start":{"line":46,"column":2},"end":{"line":46,"column":null}},"type":"if","locations":[{"start":{"line":46,"column":2},"end":{"line":46,"column":null}},{"start":{},"end":{}}],"line":46},"1":{"loc":{"start":{"line":53,"column":4},"end":{"line":56,"column":null}},"type":"if","locations":[{"start":{"line":53,"column":4},"end":{"line":56,"column":null}},{"start":{},"end":{}}],"line":53},"2":{"loc":{"start":{"line":69,"column":4},"end":{"line":69,"column":24}},"type":"binary-expr","locations":[{"start":{"line":69,"column":4},"end":{"line":69,"column":20}},{"start":{"line":69,"column":20},"end":{"line":69,"column":24}}],"line":69},"3":{"loc":{"start":{"line":73,"column":4},"end":{"line":79,"column":null}},"type":"if","locations":[{"start":{"line":73,"column":4},"end":{"line":79,"column":null}},{"start":{},"end":{}}],"line":73},"4":{"loc":{"start":{"line":74,"column":6},"end":{"line":76,"column":null}},"type":"binary-expr","locations":[{"start":{"line":74,"column":6},"end":{"line":74,"column":null}},{"start":{"line":75,"column":6},"end":{"line":75,"column":null}},{"start":{"line":76,"column":6},"end":{"line":76,"column":null}}],"line":74},"5":{"loc":{"start":{"line":89,"column":6},"end":{"line":95,"column":null}},"type":"if","locations":[{"start":{"line":89,"column":6},"end":{"line":95,"column":null}},{"start":{},"end":{}}],"line":89},"6":{"loc":{"start":{"line":93,"column":31},"end":{"line":93,"column":null}},"type":"binary-expr","locations":[{"start":{"line":93,"column":31},"end":{"line":93,"column":55}},{"start":{"line":93,"column":55},"end":{"line":93,"column":null}}],"line":93},"7":{"loc":{"start":{"line":120,"column":22},"end":{"line":120,"column":null}},"type":"binary-expr","locations":[{"start":{"line":120,"column":22},"end":{"line":120,"column":41}},{"start":{"line":120,"column":41},"end":{"line":120,"column":null}}],"line":120},"8":{"loc":{"start":{"line":131,"column":11},"end":{"line":131,"column":null}},"type":"binary-expr","locations":[{"start":{"line":131,"column":11},"end":{"line":131,"column":28}},{"start":{"line":131,"column":28},"end":{"line":131,"column":null}}],"line":131},"9":{"loc":{"start":{"line":134,"column":17},"end":{"line":134,"column":50}},"type":"binary-expr","locations":[{"start":{"line":134,"column":17},"end":{"line":134,"column":49}},{"start":{"line":134,"column":49},"end":{"line":134,"column":50}}],"line":134}},"s":{"0":1,"1":2,"2":2,"3":2,"4":2,"5":2,"6":70,"7":5,"8":0,"9":5,"10":0,"11":5,"12":5,"13":5,"14":5,"15":0,"16":0,"17":0,"18":0,"19":0,"20":0,"21":0,"22":5,"23":5,"24":2,"25":2,"26":5,"27":5,"28":5,"29":0,"30":5,"31":5,"32":5,"33":5,"34":5,"35":5,"36":5,"37":5,"38":5,"39":5,"40":5,"41":5,"42":5,"43":2,"44":5,"45":5,"46":5,"47":5,"48":5,"49":2,"50":2,"51":2,"52":2,"53":2,"54":2,"55":2},"f":{"0":2,"1":70,"2":5,"3":0,"4":2,"5":5,"6":5,"7":2,"8":2,"9":2},"b":{"0":[0,5],"1":[0,0],"2":[2,1],"3":[0,5],"4":[5,5,5],"5":[5,0],"6":[5,5],"7":[2,2],"8":[2,1],"9":[2,1]},"meta":{"lastBranch":10,"lastFunction":10,"lastStatement":56,"seen":{"s:12:24:12:Infinity":0,"f:27:9:27:25":0,"s:28:21:28:Infinity":1,"s:29:19:29:Infinity":2,"s:30:24:30:Infinity":3,"s:31:22:31:Infinity":4,"s:33:2:40:Infinity":5,"f:34:4:34:13":1,"s:34:13:39:Infinity":6,"f:45:9:45:27":2,"b:46:2:46:Infinity:undefined:undefined:undefined:undefined":0,"s:46:2:46:Infinity":7,"s:46:27:46:Infinity":8,"s:47:17:47:Infinity":9,"f:47:34:47:35":3,"s:47:44:47:55":10,"s:48:35:48:Infinity":11,"s:49:14:49:Infinity":12,"s:51:2:60:Infinity":13,"s:51:17:51:20":14,"s:52:33:52:Infinity":15,"b:53:4:56:Infinity:undefined:undefined:undefined:undefined":1,"s:53:4:56:Infinity":16,"s:54:6:54:Infinity":17,"s:55:6:55:Infinity":18,"s:57:4:57:Infinity":19,"s:58:4:58:Infinity":20,"s:59:4:59:Infinity":21,"s:62:2:62:Infinity":22,"s:63:2:63:Infinity":23,"f:66:9:66:29":4,"s:67:54:67:Infinity":24,"s:69:3:99:Infinity":25,"b:69:4:69:20:69:20:69:24":2,"f:69:32:69:41":5,"s:70:18:70:Infinity":26,"s:71:16:71:Infinity":27,"b:73:4:79:Infinity:undefined:undefined:undefined:undefined":3,"s:73:4:79:Infinity":28,"b:74:6:74:Infinity:75:6:75:Infinity:76:6:76:Infinity":4,"s:78:6:78:Infinity":29,"s:81:17:81:Infinity":30,"s:82:20:82:Infinity":31,"s:84:4:98:Infinity":32,"s:85:22:85:Infinity":33,"s:86:24:86:Infinity":34,"s:87:22:87:Infinity":35,"b:89:6:95:Infinity:undefined:undefined:undefined:undefined":5,"s:89:6:95:Infinity":36,"s:90:23:90:Infinity":37,"s:91:14:91:Infinity":38,"s:92:14:92:Infinity":39,"s:93:8:93:Infinity":40,"b:93:31:93:55:93:55:93:Infinity":6,"s:94:8:94:Infinity":41,"s:97:6:97:Infinity":42,"s:101:2:110:Infinity":43,"f:102:4:102:5":6,"s:103:30:103:Infinity":44,"s:104:23:104:Infinity":45,"s:105:26:105:Infinity":46,"s:106:6:106:Infinity":47,"s:107:6:107:Infinity":48,"f:113:16:113:44":7,"s:119:16:119:Infinity":49,"f:119:24:119:30":8,"s:119:30:119:57":50,"s:120:22:120:Infinity":51,"b:120:22:120:41:120:41:120:Infinity":7,"s:122:27:122:Infinity":52,"f:122:35:122:41":9,"s:122:41:122:68":53,"s:124:32:128:Infinity":54,"s:130:2:138:Infinity":55,"b:131:11:131:28:131:28:131:Infinity":8,"b:134:17:134:49:134:49:134:50":9}}}
,"/Users/hyeon/Code/alter-client/src/features/home/user/hooks/useMonthlyDateCellsState.ts": {"path":"/Users/hyeon/Code/alter-client/src/features/home/user/hooks/useMonthlyDateCellsState.ts","statementMap":{"0":{"start":{"line":1,"column":24},"end":{"line":1,"column":null}},"1":{"start":{"line":9,"column":2},"end":{"line":29,"column":null}},"2":{"start":{"line":11,"column":6},"end":{"line":27,"column":null}},"3":{"start":{"line":12,"column":27},"end":{"line":12,"column":null}},"4":{"start":{"line":13,"column":25},"end":{"line":13,"column":null}},"5":{"start":{"line":14,"column":28},"end":{"line":14,"column":null}},"6":{"start":{"line":15,"column":26},"end":{"line":15,"column":null}},"7":{"start":{"line":16,"column":27},"end":{"line":16,"column":null}},"8":{"start":{"line":17,"column":28},"end":{"line":17,"column":null}},"9":{"start":{"line":19,"column":8},"end":{"line":26,"column":null}}},"fnMap":{"0":{"name":"useMonthlyDateCellsState","decl":{"start":{"line":4,"column":16},"end":{"line":4,"column":41}},"loc":{"start":{"line":8,"column":35},"end":{"line":30,"column":null}},"line":8},"1":{"name":"(anonymous_1)","decl":{"start":{"line":10,"column":4},"end":{"line":10,"column":null}},"loc":{"start":{"line":11,"column":6},"end":{"line":27,"column":null}},"line":11},"2":{"name":"(anonymous_2)","decl":{"start":{"line":11,"column":16},"end":{"line":11,"column":24}},"loc":{"start":{"line":11,"column":24},"end":{"line":27,"column":7}},"line":11}},"branchMap":{"0":{"loc":{"start":{"line":13,"column":25},"end":{"line":13,"column":null}},"type":"binary-expr","locations":[{"start":{"line":13,"column":25},"end":{"line":13,"column":49}},{"start":{"line":13,"column":49},"end":{"line":13,"column":null}}],"line":13},"1":{"loc":{"start":{"line":14,"column":28},"end":{"line":14,"column":null}},"type":"binary-expr","locations":[{"start":{"line":14,"column":28},"end":{"line":14,"column":55}},{"start":{"line":14,"column":55},"end":{"line":14,"column":null}}],"line":14},"2":{"loc":{"start":{"line":15,"column":26},"end":{"line":15,"column":null}},"type":"binary-expr","locations":[{"start":{"line":15,"column":26},"end":{"line":15,"column":48}},{"start":{"line":15,"column":48},"end":{"line":15,"column":null}}],"line":15},"3":{"loc":{"start":{"line":17,"column":28},"end":{"line":17,"column":null}},"type":"binary-expr","locations":[{"start":{"line":17,"column":28},"end":{"line":17,"column":44}},{"start":{"line":17,"column":44},"end":{"line":17,"column":null}}],"line":17}},"s":{"0":1,"1":2,"2":2,"3":70,"4":70,"5":70,"6":70,"7":70,"8":70,"9":70},"f":{"0":2,"1":2,"2":70},"b":{"0":[70,65],"1":[70,65],"2":[70,60],"3":[70,5]},"meta":{"lastBranch":4,"lastFunction":3,"lastStatement":10,"seen":{"s:1:24:1:Infinity":0,"f:4:16:4:41":0,"s:9:2:29:Infinity":1,"f:10:4:10:Infinity":1,"s:11:6:27:Infinity":2,"f:11:16:11:24":2,"s:12:27:12:Infinity":3,"s:13:25:13:Infinity":4,"b:13:25:13:49:13:49:13:Infinity":0,"s:14:28:14:Infinity":5,"b:14:28:14:55:14:55:14:Infinity":1,"s:15:26:15:Infinity":6,"b:15:26:15:48:15:48:15:Infinity":2,"s:16:27:16:Infinity":7,"s:17:28:17:Infinity":8,"b:17:28:17:44:17:44:17:Infinity":3,"s:19:8:26:Infinity":9}}}
,"/Users/hyeon/Code/alter-client/src/features/home/user/hooks/useWeeklyCalendarViewModel.ts": {"path":"/Users/hyeon/Code/alter-client/src/features/home/user/hooks/useWeeklyCalendarViewModel.ts","statementMap":{"0":{"start":{"line":2,"column":24},"end":{"line":2,"column":null}},"1":{"start":{"line":10,"column":14},"end":{"line":10,"column":null}},"2":{"start":{"line":11,"column":2},"end":{"line":11,"column":null}},"3":{"start":{"line":18,"column":2},"end":{"line":18,"column":null}},"4":{"start":{"line":18,"column":13},"end":{"line":18,"column":null}},"5":{"start":{"line":19,"column":2},"end":{"line":24,"column":null}},"6":{"start":{"line":21,"column":23},"end":{"line":21,"column":48}},"7":{"start":{"line":22,"column":28},"end":{"line":22,"column":53}},"8":{"start":{"line":32,"column":2},"end":{"line":63,"column":null}},"9":{"start":{"line":33,"column":18},"end":{"line":33,"column":null}},"10":{"start":{"line":34,"column":29},"end":{"line":34,"column":null}},"11":{"start":{"line":35,"column":21},"end":{"line":38,"column":null}},"12":{"start":{"line":36,"column":27},"end":{"line":36,"column":63}},"13":{"start":{"line":40,"column":21},"end":{"line":56,"column":null}},"14":{"start":{"line":41,"column":25},"end":{"line":41,"column":null}},"15":{"start":{"line":42,"column":28},"end":{"line":42,"column":null}},"16":{"start":{"line":43,"column":28},"end":{"line":43,"column":null}},"17":{"start":{"line":44,"column":30},"end":{"line":44,"column":null}},"18":{"start":{"line":46,"column":6},"end":{"line":55,"column":null}},"19":{"start":{"line":58,"column":4},"end":{"line":62,"column":null}}},"fnMap":{"0":{"name":"getSelectedDayIndex","decl":{"start":{"line":9,"column":9},"end":{"line":9,"column":29}},"loc":{"start":{"line":9,"column":45},"end":{"line":12,"column":null}},"line":9},"1":{"name":"getDayTotalHours","decl":{"start":{"line":14,"column":9},"end":{"line":14,"column":null}},"loc":{"start":{"line":17,"column":2},"end":{"line":25,"column":null}},"line":17},"2":{"name":"(anonymous_2)","decl":{"start":{"line":21,"column":14},"end":{"line":21,"column":23}},"loc":{"start":{"line":21,"column":23},"end":{"line":21,"column":48}},"line":21},"3":{"name":"(anonymous_3)","decl":{"start":{"line":22,"column":14},"end":{"line":22,"column":15}},"loc":{"start":{"line":22,"column":28},"end":{"line":22,"column":53}},"line":22},"4":{"name":"useWeeklyCalendarViewModel","decl":{"start":{"line":27,"column":16},"end":{"line":27,"column":43}},"loc":{"start":{"line":31,"column":53},"end":{"line":64,"column":null}},"line":31},"5":{"name":"(anonymous_5)","decl":{"start":{"line":32,"column":17},"end":{"line":32,"column":23}},"loc":{"start":{"line":32,"column":23},"end":{"line":63,"column":5}},"line":32},"6":{"name":"(anonymous_6)","decl":{"start":{"line":36,"column":19},"end":{"line":36,"column":27}},"loc":{"start":{"line":36,"column":27},"end":{"line":36,"column":63}},"line":36},"7":{"name":"(anonymous_7)","decl":{"start":{"line":40,"column":31},"end":{"line":40,"column":32}},"loc":{"start":{"line":40,"column":48},"end":{"line":56,"column":5}},"line":40}},"branchMap":{"0":{"loc":{"start":{"line":11,"column":9},"end":{"line":11,"column":null}},"type":"cond-expr","locations":[{"start":{"line":11,"column":21},"end":{"line":11,"column":25}},{"start":{"line":11,"column":25},"end":{"line":11,"column":null}}],"line":11},"1":{"loc":{"start":{"line":18,"column":2},"end":{"line":18,"column":null}},"type":"if","locations":[{"start":{"line":18,"column":2},"end":{"line":18,"column":null}},{"start":{},"end":{}}],"line":18},"2":{"loc":{"start":{"line":54,"column":23},"end":{"line":54,"column":null}},"type":"binary-expr","locations":[{"start":{"line":54,"column":23},"end":{"line":54,"column":38}},{"start":{"line":54,"column":38},"end":{"line":54,"column":null}}],"line":54},"3":{"loc":{"start":{"line":59,"column":13},"end":{"line":59,"column":null}},"type":"binary-expr","locations":[{"start":{"line":59,"column":13},"end":{"line":59,"column":30}},{"start":{"line":59,"column":30},"end":{"line":59,"column":null}}],"line":59},"4":{"loc":{"start":{"line":60,"column":44},"end":{"line":60,"column":77}},"type":"binary-expr","locations":[{"start":{"line":60,"column":44},"end":{"line":60,"column":76}},{"start":{"line":60,"column":76},"end":{"line":60,"column":77}}],"line":60}},"s":{"0":1,"1":1,"2":1,"3":14,"4":0,"5":14,"6":70,"7":10,"8":1,"9":1,"10":1,"11":1,"12":7,"13":1,"14":7,"15":7,"16":7,"17":7,"18":7,"19":1},"f":{"0":1,"1":14,"2":70,"3":10,"4":1,"5":1,"6":7,"7":7},"b":{"0":[0,1],"1":[0,14],"2":[7,6],"3":[1,0],"4":[1,0]},"meta":{"lastBranch":5,"lastFunction":8,"lastStatement":20,"seen":{"s:2:24:2:Infinity":0,"f:9:9:9:29":0,"s:10:14:10:Infinity":1,"s:11:2:11:Infinity":2,"b:11:21:11:25:11:25:11:Infinity":0,"f:14:9:14:Infinity":1,"b:18:2:18:Infinity:undefined:undefined:undefined:undefined":1,"s:18:2:18:Infinity":3,"s:18:13:18:Infinity":4,"s:19:2:24:Infinity":5,"f:21:14:21:23":2,"s:21:23:21:48":6,"f:22:14:22:15":3,"s:22:28:22:53":7,"f:27:16:27:43":4,"s:32:2:63:Infinity":8,"f:32:17:32:23":5,"s:33:18:33:Infinity":9,"s:34:29:34:Infinity":10,"s:35:21:38:Infinity":11,"f:36:19:36:27":6,"s:36:27:36:63":12,"s:40:21:56:Infinity":13,"f:40:31:40:32":7,"s:41:25:41:Infinity":14,"s:42:28:42:Infinity":15,"s:43:28:43:Infinity":16,"s:44:30:44:Infinity":17,"s:46:6:55:Infinity":18,"b:54:23:54:38:54:38:54:Infinity":2,"s:58:4:62:Infinity":19,"b:59:13:59:30:59:30:59:Infinity":3,"b:60:44:60:76:60:76:60:77":4}}}
,"/Users/hyeon/Code/alter-client/src/features/home/user/hooks/useWorkingStoreCardViewModel.ts": {"path":"/Users/hyeon/Code/alter-client/src/features/home/user/hooks/useWorkingStoreCardViewModel.ts","statementMap":{"0":{"start":{"line":2,"column":24},"end":{"line":2,"column":null}},"1":{"start":{"line":6,"column":15},"end":{"line":6,"column":null}},"2":{"start":{"line":7,"column":2},"end":{"line":7,"column":null}},"3":{"start":{"line":7,"column":36},"end":{"line":7,"column":null}},"4":{"start":{"line":8,"column":2},"end":{"line":8,"column":null}},"5":{"start":{"line":12,"column":19},"end":{"line":12,"column":null}},"6":{"start":{"line":13,"column":2},"end":{"line":13,"column":null}},"7":{"start":{"line":13,"column":40},"end":{"line":13,"column":null}},"8":{"start":{"line":15,"column":16},"end":{"line":15,"column":null}},"9":{"start":{"line":16,"column":19},"end":{"line":16,"column":null}},"10":{"start":{"line":18,"column":2},"end":{"line":18,"column":null}},"11":{"start":{"line":18,"column":21},"end":{"line":18,"column":null}},"12":{"start":{"line":19,"column":2},"end":{"line":19,"column":null}},"13":{"start":{"line":19,"column":22},"end":{"line":19,"column":null}},"14":{"start":{"line":20,"column":2},"end":{"line":20,"column":null}},"15":{"start":{"line":20,"column":21},"end":{"line":20,"column":null}},"16":{"start":{"line":22,"column":20},"end":{"line":22,"column":null}},"17":{"start":{"line":23,"column":2},"end":{"line":23,"column":null}},"18":{"start":{"line":27,"column":2},"end":{"line":33,"column":null}},"19":{"start":{"line":28,"column":11},"end":{"line":31,"column":null}}},"fnMap":{"0":{"name":"formatNextShiftDate","decl":{"start":{"line":5,"column":9},"end":{"line":5,"column":29}},"loc":{"start":{"line":5,"column":56},"end":{"line":9,"column":null}},"line":5},"1":{"name":"getDueText","decl":{"start":{"line":11,"column":9},"end":{"line":11,"column":20}},"loc":{"start":{"line":11,"column":47},"end":{"line":24,"column":null}},"line":11},"2":{"name":"useWorkingStoreCardViewModel","decl":{"start":{"line":26,"column":16},"end":{"line":26,"column":45}},"loc":{"start":{"line":26,"column":70},"end":{"line":34,"column":null}},"line":26},"3":{"name":"(anonymous_3)","decl":{"start":{"line":28,"column":4},"end":{"line":28,"column":11}},"loc":{"start":{"line":28,"column":11},"end":{"line":31,"column":null}},"line":28}},"branchMap":{"0":{"loc":{"start":{"line":7,"column":2},"end":{"line":7,"column":null}},"type":"if","locations":[{"start":{"line":7,"column":2},"end":{"line":7,"column":null}},{"start":{},"end":{}}],"line":7},"1":{"loc":{"start":{"line":13,"column":2},"end":{"line":13,"column":null}},"type":"if","locations":[{"start":{"line":13,"column":2},"end":{"line":13,"column":null}},{"start":{},"end":{}}],"line":13},"2":{"loc":{"start":{"line":18,"column":2},"end":{"line":18,"column":null}},"type":"if","locations":[{"start":{"line":18,"column":2},"end":{"line":18,"column":null}},{"start":{},"end":{}}],"line":18},"3":{"loc":{"start":{"line":19,"column":2},"end":{"line":19,"column":null}},"type":"if","locations":[{"start":{"line":19,"column":2},"end":{"line":19,"column":null}},{"start":{},"end":{}}],"line":19},"4":{"loc":{"start":{"line":20,"column":2},"end":{"line":20,"column":null}},"type":"if","locations":[{"start":{"line":20,"column":2},"end":{"line":20,"column":null}},{"start":{},"end":{}}],"line":20}},"s":{"0":1,"1":6,"2":6,"3":0,"4":6,"5":6,"6":6,"7":0,"8":6,"9":6,"10":6,"11":6,"12":0,"13":0,"14":0,"15":0,"16":0,"17":0,"18":6,"19":6},"f":{"0":6,"1":6,"2":6,"3":6},"b":{"0":[0,6],"1":[0,6],"2":[6,0],"3":[0,0],"4":[0,0]},"meta":{"lastBranch":5,"lastFunction":4,"lastStatement":20,"seen":{"s:2:24:2:Infinity":0,"f:5:9:5:29":0,"s:6:15:6:Infinity":1,"b:7:2:7:Infinity:undefined:undefined:undefined:undefined":0,"s:7:2:7:Infinity":2,"s:7:36:7:Infinity":3,"s:8:2:8:Infinity":4,"f:11:9:11:20":1,"s:12:19:12:Infinity":5,"b:13:2:13:Infinity:undefined:undefined:undefined:undefined":1,"s:13:2:13:Infinity":6,"s:13:40:13:Infinity":7,"s:15:16:15:Infinity":8,"s:16:19:16:Infinity":9,"b:18:2:18:Infinity:undefined:undefined:undefined:undefined":2,"s:18:2:18:Infinity":10,"s:18:21:18:Infinity":11,"b:19:2:19:Infinity:undefined:undefined:undefined:undefined":3,"s:19:2:19:Infinity":12,"s:19:22:19:Infinity":13,"b:20:2:20:Infinity:undefined:undefined:undefined:undefined":4,"s:20:2:20:Infinity":14,"s:20:21:20:Infinity":15,"s:22:20:22:Infinity":16,"s:23:2:23:Infinity":17,"f:26:16:26:45":2,"s:27:2:33:Infinity":18,"f:28:4:28:11":3,"s:28:11:31:Infinity":19}}}
,"/Users/hyeon/Code/alter-client/src/features/home/user/hooks/useWorkingStoresListViewModel.ts": {"path":"/Users/hyeon/Code/alter-client/src/features/home/user/hooks/useWorkingStoresListViewModel.ts","statementMap":{"0":{"start":{"line":1,"column":24},"end":{"line":1,"column":null}},"1":{"start":{"line":5,"column":2},"end":{"line":10,"column":null}},"2":{"start":{"line":6,"column":11},"end":{"line":8,"column":null}}},"fnMap":{"0":{"name":"useWorkingStoresListViewModel","decl":{"start":{"line":4,"column":16},"end":{"line":4,"column":46}},"loc":{"start":{"line":4,"column":74},"end":{"line":11,"column":null}},"line":4},"1":{"name":"(anonymous_1)","decl":{"start":{"line":6,"column":4},"end":{"line":6,"column":11}},"loc":{"start":{"line":6,"column":11},"end":{"line":8,"column":null}},"line":6}},"branchMap":{},"s":{"0":1,"1":2,"2":2},"f":{"0":2,"1":2},"b":{},"meta":{"lastBranch":0,"lastFunction":2,"lastStatement":3,"seen":{"s:1:24:1:Infinity":0,"f:4:16:4:46":0,"s:5:2:10:Infinity":1,"f:6:4:6:11":1,"s:6:11:8:Infinity":2}}}
,"/Users/hyeon/Code/alter-client/src/features/home/user/lib/date.ts": {"path":"/Users/hyeon/Code/alter-client/src/features/home/user/lib/date.ts","statementMap":{"0":{"start":{"line":16,"column":24},"end":{"line":16,"column":null}},"1":{"start":{"line":17,"column":23},"end":{"line":17,"column":null}},"2":{"start":{"line":18,"column":21},"end":{"line":18,"column":null}},"3":{"start":{"line":21,"column":2},"end":{"line":21,"column":null}},"4":{"start":{"line":25,"column":2},"end":{"line":25,"column":null}},"5":{"start":{"line":29,"column":16},"end":{"line":29,"column":null}},"6":{"start":{"line":30,"column":14},"end":{"line":30,"column":null}},"7":{"start":{"line":31,"column":20},"end":{"line":31,"column":null}},"8":{"start":{"line":32,"column":2},"end":{"line":32,"column":null}},"9":{"start":{"line":36,"column":8},"end":{"line":36,"column":null}},"10":{"start":{"line":37,"column":8},"end":{"line":37,"column":null}},"11":{"start":{"line":38,"column":8},"end":{"line":38,"column":null}},"12":{"start":{"line":39,"column":8},"end":{"line":39,"column":null}},"13":{"start":{"line":41,"column":2},"end":{"line":49,"column":null}},"14":{"start":{"line":42,"column":13},"end":{"line":48,"column":null}},"15":{"start":{"line":53,"column":8},"end":{"line":53,"column":null}},"16":{"start":{"line":54,"column":8},"end":{"line":54,"column":null}},"17":{"start":{"line":56,"column":2},"end":{"line":62,"column":null}},"18":{"start":{"line":56,"column":76},"end":{"line":62,"column":4}},"19":{"start":{"line":69,"column":2},"end":{"line":74,"column":null}},"20":{"start":{"line":70,"column":20},"end":{"line":70,"column":61}},"21":{"start":{"line":72,"column":20},"end":{"line":72,"column":null}},"22":{"start":{"line":78,"column":8},"end":{"line":78,"column":null}},"23":{"start":{"line":79,"column":8},"end":{"line":79,"column":null}},"24":{"start":{"line":80,"column":2},"end":{"line":80,"column":null}},"25":{"start":{"line":84,"column":2},"end":{"line":87,"column":null}},"26":{"start":{"line":86,"column":16},"end":{"line":86,"column":null}},"27":{"start":{"line":91,"column":2},"end":{"line":96,"column":null}},"28":{"start":{"line":92,"column":4},"end":{"line":95,"column":null}},"29":{"start":{"line":98,"column":2},"end":{"line":106,"column":null}},"30":{"start":{"line":99,"column":4},"end":{"line":105,"column":null}},"31":{"start":{"line":108,"column":8},"end":{"line":108,"column":null}},"32":{"start":{"line":109,"column":2},"end":{"line":112,"column":null}},"33":{"start":{"line":120,"column":15},"end":{"line":120,"column":null}},"34":{"start":{"line":121,"column":2},"end":{"line":123,"column":null}},"35":{"start":{"line":122,"column":4},"end":{"line":122,"column":null}},"36":{"start":{"line":124,"column":2},"end":{"line":126,"column":null}},"37":{"start":{"line":125,"column":4},"end":{"line":125,"column":null}},"38":{"start":{"line":127,"column":2},"end":{"line":127,"column":null}},"39":{"start":{"line":36,"column":21},"end":{"line":36,"column":null}},"40":{"start":{"line":37,"column":19},"end":{"line":37,"column":null}},"41":{"start":{"line":38,"column":24},"end":{"line":38,"column":null}},"42":{"start":{"line":39,"column":22},"end":{"line":39,"column":null}},"43":{"start":{"line":53,"column":20},"end":{"line":53,"column":null}},"44":{"start":{"line":54,"column":18},"end":{"line":54,"column":null}},"45":{"start":{"line":78,"column":20},"end":{"line":78,"column":null}},"46":{"start":{"line":79,"column":18},"end":{"line":79,"column":null}},"47":{"start":{"line":108,"column":14},"end":{"line":108,"column":null}}},"fnMap":{"0":{"name":"toDateKey","decl":{"start":{"line":20,"column":16},"end":{"line":20,"column":26}},"loc":{"start":{"line":20,"column":39},"end":{"line":22,"column":null}},"line":20},"1":{"name":"toTimeLabel","decl":{"start":{"line":24,"column":16},"end":{"line":24,"column":28}},"loc":{"start":{"line":24,"column":41},"end":{"line":26,"column":null}},"line":24},"2":{"name":"getDurationHours","decl":{"start":{"line":28,"column":16},"end":{"line":28,"column":33}},"loc":{"start":{"line":28,"column":67},"end":{"line":33,"column":null}},"line":28},"3":{"name":"getMonthlyDateCells","decl":{"start":{"line":35,"column":16},"end":{"line":35,"column":36}},"loc":{"start":{"line":35,"column":52},"end":{"line":50,"column":null}},"line":35},"4":{"name":"(anonymous_4)","decl":{"start":{"line":42,"column":4},"end":{"line":42,"column":13}},"loc":{"start":{"line":42,"column":13},"end":{"line":48,"column":null}},"line":42},"5":{"name":"getWeeklyDateCells","decl":{"start":{"line":52,"column":16},"end":{"line":52,"column":35}},"loc":{"start":{"line":52,"column":51},"end":{"line":63,"column":null}},"line":52},"6":{"name":"(anonymous_6)","decl":{"start":{"line":56,"column":67},"end":{"line":56,"column":76}},"loc":{"start":{"line":56,"column":76},"end":{"line":62,"column":4}},"line":56},"7":{"name":"getDayHours","decl":{"start":{"line":65,"column":16},"end":{"line":65,"column":null}},"loc":{"start":{"line":68,"column":2},"end":{"line":75,"column":null}},"line":68},"8":{"name":"(anonymous_8)","decl":{"start":{"line":70,"column":12},"end":{"line":70,"column":20}},"loc":{"start":{"line":70,"column":20},"end":{"line":70,"column":61}},"line":70},"9":{"name":"(anonymous_9)","decl":{"start":{"line":72,"column":6},"end":{"line":72,"column":7}},"loc":{"start":{"line":72,"column":20},"end":{"line":72,"column":null}},"line":72},"10":{"name":"getWeekRangeLabel","decl":{"start":{"line":77,"column":16},"end":{"line":77,"column":34}},"loc":{"start":{"line":77,"column":50},"end":{"line":81,"column":null}},"line":77},"11":{"name":"getDailyHourTicks","decl":{"start":{"line":83,"column":16},"end":{"line":83,"column":36}},"loc":{"start":{"line":83,"column":36},"end":{"line":88,"column":null}},"line":83},"12":{"name":"(anonymous_12)","decl":{"start":{"line":86,"column":4},"end":{"line":86,"column":5}},"loc":{"start":{"line":86,"column":16},"end":{"line":86,"column":null}},"line":86},"13":{"name":"getRangeParamsByMode","decl":{"start":{"line":90,"column":16},"end":{"line":90,"column":37}},"loc":{"start":{"line":90,"column":77},"end":{"line":113,"column":null}},"line":90},"14":{"name":"moveDateByMode","decl":{"start":{"line":115,"column":16},"end":{"line":115,"column":null}},"loc":{"start":{"line":119,"column":2},"end":{"line":128,"column":null}},"line":119}},"branchMap":{"0":{"loc":{"start":{"line":91,"column":2},"end":{"line":96,"column":null}},"type":"if","locations":[{"start":{"line":91,"column":2},"end":{"line":96,"column":null}},{"start":{},"end":{}}],"line":91},"1":{"loc":{"start":{"line":98,"column":2},"end":{"line":106,"column":null}},"type":"if","locations":[{"start":{"line":98,"column":2},"end":{"line":106,"column":null}},{"start":{},"end":{}}],"line":98},"2":{"loc":{"start":{"line":120,"column":15},"end":{"line":120,"column":null}},"type":"cond-expr","locations":[{"start":{"line":120,"column":38},"end":{"line":120,"column":42}},{"start":{"line":120,"column":42},"end":{"line":120,"column":null}}],"line":120},"3":{"loc":{"start":{"line":121,"column":2},"end":{"line":123,"column":null}},"type":"if","locations":[{"start":{"line":121,"column":2},"end":{"line":123,"column":null}},{"start":{},"end":{}}],"line":121},"4":{"loc":{"start":{"line":124,"column":2},"end":{"line":126,"column":null}},"type":"if","locations":[{"start":{"line":124,"column":2},"end":{"line":126,"column":null}},{"start":{},"end":{}}],"line":124}},"s":{"0":2,"1":2,"2":2,"3":7,"4":1,"5":4,"6":4,"7":4,"8":4,"9":1,"10":1,"11":1,"12":1,"13":1,"14":35,"15":1,"16":1,"17":2,"18":14,"19":4,"20":6,"21":2,"22":1,"23":1,"24":1,"25":1,"26":24,"27":3,"28":1,"29":2,"30":1,"31":1,"32":1,"33":6,"34":6,"35":2,"36":4,"37":2,"38":2,"39":1,"40":1,"41":1,"42":1,"43":2,"44":2,"45":1,"46":1,"47":1},"f":{"0":7,"1":1,"2":4,"3":1,"4":35,"5":2,"6":14,"7":4,"8":6,"9":2,"10":1,"11":1,"12":24,"13":3,"14":6},"b":{"0":[1,2],"1":[1,1],"2":[3,3],"3":[2,4],"4":[2,2]},"meta":{"lastBranch":5,"lastFunction":15,"lastStatement":39,"seen":{"s:16:24:16:Infinity":0,"s:17:23:17:Infinity":1,"s:18:21:18:Infinity":2,"f:20:16:20:26":0,"s:21:2:21:Infinity":3,"f:24:16:24:28":1,"s:25:2:25:Infinity":4,"f:28:16:28:33":2,"s:29:16:29:Infinity":5,"s:30:14:30:Infinity":6,"s:31:20:31:Infinity":7,"s:32:2:32:Infinity":8,"f:35:16:35:36":3,"s:36:8:36:Infinity":9,"s:37:8:37:Infinity":10,"s:38:8:38:Infinity":11,"s:39:8:39:Infinity":12,"s:41:2:49:Infinity":13,"f:42:4:42:13":4,"s:42:13:48:Infinity":14,"f:52:16:52:35":5,"s:53:8:53:Infinity":15,"s:54:8:54:Infinity":16,"s:56:2:62:Infinity":17,"f:56:67:56:76":6,"s:56:76:62:4":18,"f:65:16:65:Infinity":7,"s:69:2:74:Infinity":19,"f:70:12:70:20":8,"s:70:20:70:61":20,"f:72:6:72:7":9,"s:72:20:72:Infinity":21,"f:77:16:77:34":10,"s:78:8:78:Infinity":22,"s:79:8:79:Infinity":23,"s:80:2:80:Infinity":24,"f:83:16:83:36":11,"s:84:2:87:Infinity":25,"f:86:4:86:5":12,"s:86:16:86:Infinity":26,"f:90:16:90:37":13,"b:91:2:96:Infinity:undefined:undefined:undefined:undefined":0,"s:91:2:96:Infinity":27,"s:92:4:95:Infinity":28,"b:98:2:106:Infinity:undefined:undefined:undefined:undefined":1,"s:98:2:106:Infinity":29,"s:99:4:105:Infinity":30,"s:108:8:108:Infinity":31,"s:109:2:112:Infinity":32,"f:115:16:115:Infinity":14,"s:120:15:120:Infinity":33,"b:120:38:120:42:120:42:120:Infinity":2,"b:121:2:123:Infinity:undefined:undefined:undefined:undefined":3,"s:121:2:123:Infinity":34,"s:122:4:122:Infinity":35,"b:124:2:126:Infinity:undefined:undefined:undefined:undefined":4,"s:124:2:126:Infinity":36,"s:125:4:125:Infinity":37,"s:127:2:127:Infinity":38}}}
,"/Users/hyeon/Code/alter-client/src/features/home/user/ui/AppliedStoreCard.tsx": {"path":"/Users/hyeon/Code/alter-client/src/features/home/user/ui/AppliedStoreCard.tsx","statementMap":{"0":{"start":{"line":22,"column":6},"end":{"line":22,"column":7}},"1":{"start":{"line":12,"column":21},"end":{"line":12,"column":null}},"2":{"start":{"line":14,"column":2},"end":{"line":33,"column":null}}},"fnMap":{"0":{"name":"AppliedStoreCard","decl":{"start":{"line":8,"column":16},"end":{"line":8,"column":33}},"loc":{"start":{"line":11,"column":26},"end":{"line":35,"column":null}},"line":11}},"branchMap":{"0":{"loc":{"start":{"line":10,"column":2},"end":{"line":10,"column":null}},"type":"default-arg","locations":[{"start":{"line":10,"column":11},"end":{"line":10,"column":null}}],"line":10},"1":{"loc":{"start":{"line":17,"column":8},"end":{"line":19,"column":null}},"type":"cond-expr","locations":[{"start":{"line":18,"column":12},"end":{"line":18,"column":null}},{"start":{"line":19,"column":12},"end":{"line":19,"column":null}}],"line":17},"2":{"loc":{"start":{"line":24,"column":10},"end":{"line":24,"column":null}},"type":"cond-expr","locations":[{"start":{"line":24,"column":23},"end":{"line":24,"column":38}},{"start":{"line":24,"column":38},"end":{"line":24,"column":null}}],"line":24}},"s":{"0":2,"1":7,"2":7},"f":{"0":7},"b":{"0":[7],"1":[3,4],"2":[3,4]},"meta":{"lastBranch":3,"lastFunction":1,"lastStatement":3,"seen":{"s:22:6:22:7":0,"f:8:16:8:33":0,"b:10:11:10:Infinity":0,"s:12:21:12:Infinity":1,"s:14:2:33:Infinity":2,"b:18:12:18:Infinity:19:12:19:Infinity":1,"b:24:23:24:38:24:38:24:Infinity":2}}}
,"/Users/hyeon/Code/alter-client/src/features/home/user/ui/AppliedStoreList.tsx": {"path":"/Users/hyeon/Code/alter-client/src/features/home/user/ui/AppliedStoreList.tsx","statementMap":{"0":{"start":{"line":29,"column":8},"end":{"line":29,"column":9}},"1":{"start":{"line":23,"column":24},"end":{"line":23,"column":null}},"2":{"start":{"line":24,"column":21},"end":{"line":24,"column":null}},"3":{"start":{"line":26,"column":2},"end":{"line":50,"column":null}},"4":{"start":{"line":38,"column":12},"end":{"line":42,"column":null}}},"fnMap":{"0":{"name":"AppliedStoreList","decl":{"start":{"line":17,"column":16},"end":{"line":17,"column":33}},"loc":{"start":{"line":22,"column":26},"end":{"line":52,"column":null}},"line":22},"1":{"name":"(anonymous_1)","decl":{"start":{"line":37,"column":29},"end":{"line":37,"column":null}},"loc":{"start":{"line":38,"column":12},"end":{"line":42,"column":null}},"line":38}},"branchMap":{"0":{"loc":{"start":{"line":18,"column":2},"end":{"line":18,"column":null}},"type":"default-arg","locations":[{"start":{"line":18,"column":10},"end":{"line":18,"column":null}}],"line":18},"1":{"loc":{"start":{"line":24,"column":21},"end":{"line":24,"column":null}},"type":"binary-expr","locations":[{"start":{"line":24,"column":21},"end":{"line":24,"column":36}},{"start":{"line":24,"column":36},"end":{"line":24,"column":null}}],"line":24}},"s":{"0":1,"1":1,"2":1,"3":1,"4":5},"f":{"0":1,"1":5},"b":{"0":[1],"1":[1,1]},"meta":{"lastBranch":2,"lastFunction":2,"lastStatement":5,"seen":{"s:29:8:29:9":0,"f:17:16:17:33":0,"b:18:10:18:Infinity":0,"s:23:24:23:Infinity":1,"s:24:21:24:Infinity":2,"b:24:21:24:36:24:36:24:Infinity":1,"s:26:2:50:Infinity":3,"f:37:29:37:Infinity":1,"s:38:12:42:Infinity":4}}}
,"/Users/hyeon/Code/alter-client/src/features/home/user/ui/DailyCalendar.tsx": {"path":"/Users/hyeon/Code/alter-client/src/features/home/user/ui/DailyCalendar.tsx","statementMap":{"0":{"start":{"line":31,"column":8},"end":{"line":31,"column":9}},"1":{"start":{"line":22,"column":6},"end":{"line":26,"column":null}},"2":{"start":{"line":28,"column":2},"end":{"line":34,"column":null}},"3":{"start":{"line":29,"column":4},"end":{"line":32,"column":null}},"4":{"start":{"line":36,"column":2},"end":{"line":93,"column":null}},"5":{"start":{"line":59,"column":12},"end":{"line":71,"column":null}},"6":{"start":{"line":76,"column":12},"end":{"line":88,"column":null}}},"fnMap":{"0":{"name":"DailyCalendar","decl":{"start":{"line":9,"column":16},"end":{"line":9,"column":30}},"loc":{"start":{"line":14,"column":23},"end":{"line":95,"column":null}},"line":14},"1":{"name":"(anonymous_1)","decl":{"start":{"line":58,"column":29},"end":{"line":58,"column":37}},"loc":{"start":{"line":58,"column":37},"end":{"line":73,"column":11}},"line":58},"2":{"name":"(anonymous_2)","decl":{"start":{"line":75,"column":27},"end":{"line":75,"column":36}},"loc":{"start":{"line":75,"column":36},"end":{"line":90,"column":11}},"line":75}},"branchMap":{"0":{"loc":{"start":{"line":13,"column":2},"end":{"line":13,"column":null}},"type":"default-arg","locations":[{"start":{"line":13,"column":14},"end":{"line":13,"column":null}}],"line":13},"1":{"loc":{"start":{"line":28,"column":2},"end":{"line":34,"column":null}},"type":"if","locations":[{"start":{"line":28,"column":2},"end":{"line":34,"column":null}},{"start":{},"end":{}}],"line":28}},"s":{"0":1,"1":2,"2":2,"3":0,"4":2,"5":14,"6":5},"f":{"0":2,"1":14,"2":5},"b":{"0":[2],"1":[0,2]},"meta":{"lastBranch":2,"lastFunction":3,"lastStatement":7,"seen":{"s:31:8:31:9":0,"f:9:16:9:30":0,"b:13:14:13:Infinity":0,"s:22:6:26:Infinity":1,"b:28:2:34:Infinity:undefined:undefined:undefined:undefined":1,"s:28:2:34:Infinity":2,"s:29:4:32:Infinity":3,"s:36:2:93:Infinity":4,"f:58:29:58:37":1,"s:59:12:71:Infinity":5,"f:75:27:75:36":2,"s:76:12:88:Infinity":6}}}
,"/Users/hyeon/Code/alter-client/src/features/home/user/ui/HomeScheduleCalendar.tsx": {"path":"/Users/hyeon/Code/alter-client/src/features/home/user/ui/HomeScheduleCalendar.tsx","statementMap":{"0":{"start":{"line":28,"column":8},"end":{"line":28,"column":9}},"1":{"start":{"line":25,"column":2},"end":{"line":51,"column":null}}},"fnMap":{"0":{"name":"HomeScheduleCalendar","decl":{"start":{"line":18,"column":16},"end":{"line":18,"column":37}},"loc":{"start":{"line":24,"column":30},"end":{"line":53,"column":null}},"line":24}},"branchMap":{"0":{"loc":{"start":{"line":23,"column":2},"end":{"line":23,"column":null}},"type":"default-arg","locations":[{"start":{"line":23,"column":14},"end":{"line":23,"column":null}}],"line":23},"1":{"loc":{"start":{"line":27,"column":7},"end":{"line":33,"column":null}},"type":"binary-expr","locations":[{"start":{"line":27,"column":7},"end":{"line":27,"column":null}},{"start":{"line":28,"column":8},"end":{"line":33,"column":null}}],"line":27},"2":{"loc":{"start":{"line":35,"column":7},"end":{"line":41,"column":null}},"type":"binary-expr","locations":[{"start":{"line":35,"column":7},"end":{"line":35,"column":null}},{"start":{"line":36,"column":8},"end":{"line":41,"column":null}}],"line":35},"3":{"loc":{"start":{"line":43,"column":7},"end":{"line":49,"column":null}},"type":"binary-expr","locations":[{"start":{"line":43,"column":7},"end":{"line":43,"column":null}},{"start":{"line":44,"column":8},"end":{"line":49,"column":null}}],"line":43}},"s":{"0":1,"1":5},"f":{"0":5},"b":{"0":[5],"1":[5,2],"2":[5,1],"3":[5,2]},"meta":{"lastBranch":4,"lastFunction":1,"lastStatement":2,"seen":{"s:28:8:28:9":0,"f:18:16:18:37":0,"b:23:14:23:Infinity":0,"s:25:2:51:Infinity":1,"b:27:7:27:Infinity:28:8:33:Infinity":1,"b:35:7:35:Infinity:36:8:41:Infinity":2,"b:43:7:43:Infinity:44:8:49:Infinity":3}}}
,"/Users/hyeon/Code/alter-client/src/features/home/user/ui/MonthlyCalendar.tsx": {"path":"/Users/hyeon/Code/alter-client/src/features/home/user/ui/MonthlyCalendar.tsx","statementMap":{"0":{"start":{"line":33,"column":8},"end":{"line":33,"column":9}},"1":{"start":{"line":23,"column":6},"end":{"line":28,"column":null}},"2":{"start":{"line":30,"column":2},"end":{"line":36,"column":null}},"3":{"start":{"line":31,"column":4},"end":{"line":34,"column":null}},"4":{"start":{"line":38,"column":2},"end":{"line":83,"column":null}},"5":{"start":{"line":58,"column":12},"end":{"line":63,"column":null}},"6":{"start":{"line":69,"column":12},"end":{"line":78,"column":null}}},"fnMap":{"0":{"name":"MonthlyCalendar","decl":{"start":{"line":10,"column":16},"end":{"line":10,"column":32}},"loc":{"start":{"line":16,"column":25},"end":{"line":85,"column":null}},"line":16},"1":{"name":"(anonymous_1)","decl":{"start":{"line":57,"column":29},"end":{"line":57,"column":30}},"loc":{"start":{"line":58,"column":12},"end":{"line":63,"column":null}},"line":58},"2":{"name":"(anonymous_2)","decl":{"start":{"line":68,"column":37},"end":{"line":68,"column":45}},"loc":{"start":{"line":68,"column":45},"end":{"line":80,"column":11}},"line":68}},"branchMap":{"0":{"loc":{"start":{"line":14,"column":2},"end":{"line":14,"column":null}},"type":"default-arg","locations":[{"start":{"line":14,"column":14},"end":{"line":14,"column":null}}],"line":14},"1":{"loc":{"start":{"line":30,"column":2},"end":{"line":36,"column":null}},"type":"if","locations":[{"start":{"line":30,"column":2},"end":{"line":36,"column":null}},{"start":{},"end":{}}],"line":30},"2":{"loc":{"start":{"line":60,"column":59},"end":{"line":60,"column":121}},"type":"cond-expr","locations":[{"start":{"line":60,"column":88},"end":{"line":60,"column":107}},{"start":{"line":60,"column":107},"end":{"line":60,"column":121}}],"line":60},"3":{"loc":{"start":{"line":60,"column":59},"end":{"line":60,"column":88}},"type":"binary-expr","locations":[{"start":{"line":60,"column":59},"end":{"line":60,"column":74}},{"start":{"line":60,"column":74},"end":{"line":60,"column":88}}],"line":60}},"s":{"0":1,"1":2,"2":2,"3":1,"4":1,"5":7,"6":35},"f":{"0":2,"1":7,"2":35},"b":{"0":[2],"1":[1,1],"2":[2,5],"3":[7,6]},"meta":{"lastBranch":4,"lastFunction":3,"lastStatement":7,"seen":{"s:33:8:33:9":0,"f:10:16:10:32":0,"b:14:14:14:Infinity":0,"s:23:6:28:Infinity":1,"b:30:2:36:Infinity:undefined:undefined:undefined:undefined":1,"s:30:2:36:Infinity":2,"s:31:4:34:Infinity":3,"s:38:2:83:Infinity":4,"f:57:29:57:30":1,"s:58:12:63:Infinity":5,"b:60:88:60:107:60:107:60:121":2,"b:60:59:60:74:60:74:60:88":3,"f:68:37:68:45":2,"s:69:12:78:Infinity":6}}}
,"/Users/hyeon/Code/alter-client/src/features/home/user/ui/MonthlyDateCell.tsx": {"path":"/Users/hyeon/Code/alter-client/src/features/home/user/ui/MonthlyDateCell.tsx","statementMap":{"0":{"start":{"line":34,"column":10},"end":{"line":34,"column":11}},"1":{"start":{"line":20,"column":23},"end":{"line":24,"column":null}},"2":{"start":{"line":26,"column":2},"end":{"line":42,"column":null}}},"fnMap":{"0":{"name":"MonthlyDateCell","decl":{"start":{"line":12,"column":16},"end":{"line":12,"column":32}},"loc":{"start":{"line":19,"column":25},"end":{"line":44,"column":null}},"line":19}},"branchMap":{"0":{"loc":{"start":{"line":18,"column":2},"end":{"line":18,"column":null}},"type":"default-arg","locations":[{"start":{"line":18,"column":15},"end":{"line":18,"column":null}}],"line":18},"1":{"loc":{"start":{"line":20,"column":23},"end":{"line":24,"column":null}},"type":"cond-expr","locations":[{"start":{"line":21,"column":6},"end":{"line":21,"column":null}},{"start":{"line":22,"column":6},"end":{"line":24,"column":null}}],"line":20},"2":{"loc":{"start":{"line":22,"column":6},"end":{"line":24,"column":null}},"type":"cond-expr","locations":[{"start":{"line":23,"column":8},"end":{"line":23,"column":null}},{"start":{"line":24,"column":8},"end":{"line":24,"column":null}}],"line":22},"3":{"loc":{"start":{"line":29,"column":8},"end":{"line":29,"column":null}},"type":"cond-expr","locations":[{"start":{"line":29,"column":21},"end":{"line":29,"column":37}},{"start":{"line":29,"column":37},"end":{"line":29,"column":null}}],"line":29},"4":{"loc":{"start":{"line":32,"column":7},"end":{"line":40,"column":null}},"type":"cond-expr","locations":[{"start":{"line":33,"column":8},"end":{"line":38,"column":null}},{"start":{"line":40,"column":8},"end":{"line":40,"column":null}}],"line":32}},"s":{"0":2,"1":40,"2":40},"f":{"0":40},"b":{"0":[40],"1":[5,35],"2":[10,25],"3":[2,38],"4":[6,34]},"meta":{"lastBranch":5,"lastFunction":1,"lastStatement":3,"seen":{"s:34:10:34:11":0,"f:12:16:12:32":0,"b:18:15:18:Infinity":0,"s:20:23:24:Infinity":1,"b:21:6:21:Infinity:22:6:24:Infinity":1,"b:23:8:23:Infinity:24:8:24:Infinity":2,"s:26:2:42:Infinity":2,"b:29:21:29:37:29:37:29:Infinity":3,"b:33:8:38:Infinity:40:8:40:Infinity":4}}}
,"/Users/hyeon/Code/alter-client/src/features/home/user/ui/MonthlyDateGauge.tsx": {"path":"/Users/hyeon/Code/alter-client/src/features/home/user/ui/MonthlyDateGauge.tsx","statementMap":{"0":{"start":{"line":31,"column":8},"end":{"line":31,"column":9}},"1":{"start":{"line":16,"column":26},"end":{"line":16,"column":null}},"2":{"start":{"line":17,"column":17},"end":{"line":17,"column":null}},"3":{"start":{"line":18,"column":8},"end":{"line":18,"column":null}},"4":{"start":{"line":19,"column":24},"end":{"line":19,"column":null}},"5":{"start":{"line":20,"column":25},"end":{"line":20,"column":null}},"6":{"start":{"line":22,"column":2},"end":{"line":51,"column":null}}},"fnMap":{"0":{"name":"MonthlyDateGauge","decl":{"start":{"line":9,"column":16},"end":{"line":9,"column":33}},"loc":{"start":{"line":15,"column":26},"end":{"line":53,"column":null}},"line":15}},"branchMap":{"0":{"loc":{"start":{"line":11,"column":2},"end":{"line":11,"column":null}},"type":"default-arg","locations":[{"start":{"line":11,"column":9},"end":{"line":11,"column":null}}],"line":11},"1":{"loc":{"start":{"line":12,"column":2},"end":{"line":12,"column":null}},"type":"default-arg","locations":[{"start":{"line":12,"column":16},"end":{"line":12,"column":null}}],"line":12},"2":{"loc":{"start":{"line":13,"column":2},"end":{"line":13,"column":null}},"type":"default-arg","locations":[{"start":{"line":13,"column":21},"end":{"line":13,"column":null}}],"line":13},"3":{"loc":{"start":{"line":14,"column":2},"end":{"line":14,"column":null}},"type":"default-arg","locations":[{"start":{"line":14,"column":19},"end":{"line":14,"column":null}}],"line":14}},"s":{"0":2,"1":6,"2":6,"3":6,"4":6,"5":6,"6":6},"f":{"0":6},"b":{"0":[6],"1":[6],"2":[6],"3":[6]},"meta":{"lastBranch":4,"lastFunction":1,"lastStatement":7,"seen":{"s:31:8:31:9":0,"f:9:16:9:33":0,"b:11:9:11:Infinity":0,"b:12:16:12:Infinity":1,"b:13:21:13:Infinity":2,"b:14:19:14:Infinity":3,"s:16:26:16:Infinity":1,"s:17:17:17:Infinity":2,"s:18:8:18:Infinity":3,"s:19:24:19:Infinity":4,"s:20:25:20:Infinity":5,"s:22:2:51:Infinity":6}}}
,"/Users/hyeon/Code/alter-client/src/features/home/user/ui/WeeklyCalendar.tsx": {"path":"/Users/hyeon/Code/alter-client/src/features/home/user/ui/WeeklyCalendar.tsx","statementMap":{"0":{"start":{"line":23,"column":8},"end":{"line":23,"column":9}},"1":{"start":{"line":14,"column":50},"end":{"line":18,"column":null}},"2":{"start":{"line":20,"column":2},"end":{"line":26,"column":null}},"3":{"start":{"line":21,"column":4},"end":{"line":24,"column":null}},"4":{"start":{"line":28,"column":2},"end":{"line":84,"column":null}},"5":{"start":{"line":45,"column":10},"end":{"line":58,"column":null}},"6":{"start":{"line":65,"column":12},"end":{"line":79,"column":null}}},"fnMap":{"0":{"name":"WeeklyCalendar","decl":{"start":{"line":8,"column":16},"end":{"line":8,"column":31}},"loc":{"start":{"line":13,"column":24},"end":{"line":86,"column":null}},"line":13},"1":{"name":"(anonymous_1)","decl":{"start":{"line":44,"column":22},"end":{"line":44,"column":null}},"loc":{"start":{"line":45,"column":10},"end":{"line":58,"column":null}},"line":45},"2":{"name":"(anonymous_2)","decl":{"start":{"line":64,"column":24},"end":{"line":64,"column":32}},"loc":{"start":{"line":64,"column":32},"end":{"line":81,"column":11}},"line":64}},"branchMap":{"0":{"loc":{"start":{"line":12,"column":2},"end":{"line":12,"column":null}},"type":"default-arg","locations":[{"start":{"line":12,"column":14},"end":{"line":12,"column":null}}],"line":12},"1":{"loc":{"start":{"line":20,"column":2},"end":{"line":26,"column":null}},"type":"if","locations":[{"start":{"line":20,"column":2},"end":{"line":26,"column":null}},{"start":{},"end":{}}],"line":20},"2":{"loc":{"start":{"line":48,"column":14},"end":{"line":48,"column":null}},"type":"cond-expr","locations":[{"start":{"line":48,"column":32},"end":{"line":48,"column":47}},{"start":{"line":48,"column":47},"end":{"line":48,"column":null}}],"line":48},"3":{"loc":{"start":{"line":53,"column":16},"end":{"line":53,"column":null}},"type":"cond-expr","locations":[{"start":{"line":53,"column":34},"end":{"line":53,"column":52}},{"start":{"line":53,"column":52},"end":{"line":53,"column":null}}],"line":53},"4":{"loc":{"start":{"line":67,"column":17},"end":{"line":71,"column":null}},"type":"binary-expr","locations":[{"start":{"line":67,"column":17},"end":{"line":67,"column":null}},{"start":{"line":68,"column":18},"end":{"line":71,"column":null}}],"line":67},"5":{"loc":{"start":{"line":75,"column":20},"end":{"line":75,"column":null}},"type":"cond-expr","locations":[{"start":{"line":75,"column":40},"end":{"line":75,"column":52}},{"start":{"line":75,"column":52},"end":{"line":75,"column":null}}],"line":75}},"s":{"0":1,"1":1,"2":1,"3":0,"4":1,"5":7,"6":7},"f":{"0":1,"1":7,"2":7},"b":{"0":[1],"1":[0,1],"2":[1,6],"3":[1,6],"4":[7,4],"5":[3,4]},"meta":{"lastBranch":6,"lastFunction":3,"lastStatement":7,"seen":{"s:23:8:23:9":0,"f:8:16:8:31":0,"b:12:14:12:Infinity":0,"s:14:50:18:Infinity":1,"b:20:2:26:Infinity:undefined:undefined:undefined:undefined":1,"s:20:2:26:Infinity":2,"s:21:4:24:Infinity":3,"s:28:2:84:Infinity":4,"f:44:22:44:Infinity":1,"s:45:10:58:Infinity":5,"b:48:32:48:47:48:47:48:Infinity":2,"b:53:34:53:52:53:52:53:Infinity":3,"f:64:24:64:32":2,"s:65:12:79:Infinity":6,"b:67:17:67:Infinity:68:18:71:Infinity":4,"b:75:40:75:52:75:52:75:Infinity":5}}}
,"/Users/hyeon/Code/alter-client/src/features/home/user/ui/WorkingStoreCard.tsx": {"path":"/Users/hyeon/Code/alter-client/src/features/home/user/ui/WorkingStoreCard.tsx","statementMap":{"0":{"start":{"line":22,"column":10},"end":{"line":22,"column":11}},"1":{"start":{"line":16,"column":36},"end":{"line":16,"column":null}},"2":{"start":{"line":18,"column":2},"end":{"line":43,"column":null}}},"fnMap":{"0":{"name":"WorkingStoreCard","decl":{"start":{"line":15,"column":16},"end":{"line":15,"column":33}},"loc":{"start":{"line":15,"column":67},"end":{"line":45,"column":null}},"line":15}},"branchMap":{"0":{"loc":{"start":{"line":21,"column":9},"end":{"line":27,"column":null}},"type":"cond-expr","locations":[{"start":{"line":22,"column":10},"end":{"line":26,"column":null}},{"start":{"line":27,"column":12},"end":{"line":27,"column":null}}],"line":21}},"s":{"0":1,"1":6,"2":6},"f":{"0":6},"b":{"0":[0,6]},"meta":{"lastBranch":1,"lastFunction":1,"lastStatement":3,"seen":{"s:22:10:22:11":0,"f:15:16:15:33":0,"s:16:36:16:Infinity":1,"s:18:2:43:Infinity":2,"b:22:10:26:Infinity:27:12:27:Infinity":0}}}
,"/Users/hyeon/Code/alter-client/src/features/home/user/ui/WorkingStoresList.tsx": {"path":"/Users/hyeon/Code/alter-client/src/features/home/user/ui/WorkingStoresList.tsx","statementMap":{"0":{"start":{"line":30,"column":8},"end":{"line":30,"column":9}},"1":{"start":{"line":25,"column":28},"end":{"line":25,"column":null}},"2":{"start":{"line":27,"column":2},"end":{"line":64,"column":null}},"3":{"start":{"line":52,"column":10},"end":{"line":57,"column":null}}},"fnMap":{"0":{"name":"WorkingStoresList","decl":{"start":{"line":17,"column":16},"end":{"line":17,"column":34}},"loc":{"start":{"line":24,"column":27},"end":{"line":66,"column":null}},"line":24},"1":{"name":"(anonymous_1)","decl":{"start":{"line":51,"column":27},"end":{"line":51,"column":28}},"loc":{"start":{"line":52,"column":10},"end":{"line":57,"column":null}},"line":52}},"branchMap":{"0":{"loc":{"start":{"line":18,"column":2},"end":{"line":18,"column":null}},"type":"default-arg","locations":[{"start":{"line":18,"column":10},"end":{"line":18,"column":null}}],"line":18},"1":{"loc":{"start":{"line":19,"column":2},"end":{"line":19,"column":null}},"type":"default-arg","locations":[{"start":{"line":19,"column":18},"end":{"line":19,"column":null}}],"line":19},"2":{"loc":{"start":{"line":20,"column":2},"end":{"line":20,"column":null}},"type":"default-arg","locations":[{"start":{"line":20,"column":19},"end":{"line":20,"column":null}}],"line":20},"3":{"loc":{"start":{"line":21,"column":2},"end":{"line":21,"column":null}},"type":"default-arg","locations":[{"start":{"line":21,"column":17},"end":{"line":21,"column":null}}],"line":21},"4":{"loc":{"start":{"line":34,"column":14},"end":{"line":34,"column":null}},"type":"cond-expr","locations":[{"start":{"line":34,"column":40},"end":{"line":34,"column":57}},{"start":{"line":34,"column":57},"end":{"line":34,"column":null}}],"line":34},"5":{"loc":{"start":{"line":42,"column":14},"end":{"line":42,"column":null}},"type":"cond-expr","locations":[{"start":{"line":42,"column":41},"end":{"line":42,"column":58}},{"start":{"line":42,"column":58},"end":{"line":42,"column":null}}],"line":42},"6":{"loc":{"start":{"line":54,"column":13},"end":{"line":56,"column":null}},"type":"cond-expr","locations":[{"start":{"line":55,"column":14},"end":{"line":55,"column":null}},{"start":{"line":56,"column":16},"end":{"line":56,"column":null}}],"line":54}},"s":{"0":1,"1":2,"2":2,"3":6},"f":{"0":2,"1":6},"b":{"0":[2],"1":[2],"2":[2],"3":[2],"4":[1,1],"5":[1,1],"6":[4,2]},"meta":{"lastBranch":7,"lastFunction":2,"lastStatement":4,"seen":{"s:30:8:30:9":0,"f:17:16:17:34":0,"b:18:10:18:Infinity":0,"b:19:18:19:Infinity":1,"b:20:19:20:Infinity":2,"b:21:17:21:Infinity":3,"s:25:28:25:Infinity":1,"s:27:2:64:Infinity":2,"b:34:40:34:57:34:57:34:Infinity":4,"b:42:41:42:58:42:58:42:Infinity":5,"f:51:27:51:28":1,"s:52:10:57:Infinity":3,"b:55:14:55:Infinity:56:16:56:Infinity":6}}}
,"/Users/hyeon/Code/alter-client/src/shared/lib/tokens.ts": {"path":"/Users/hyeon/Code/alter-client/src/shared/lib/tokens.ts","statementMap":{"0":{"start":{"line":6,"column":22},"end":{"line":35,"column":null}},"1":{"start":{"line":38,"column":28},"end":{"line":41,"column":null}},"2":{"start":{"line":44,"column":25},"end":{"line":55,"column":null}},"3":{"start":{"line":58,"column":27},"end":{"line":74,"column":null}},"4":{"start":{"line":77,"column":29},"end":{"line":80,"column":null}},"5":{"start":{"line":83,"column":27},"end":{"line":86,"column":null}},"6":{"start":{"line":89,"column":26},"end":{"line":195,"column":null}}},"fnMap":{},"branchMap":{},"s":{"0":4,"1":4,"2":4,"3":4,"4":4,"5":4,"6":4},"f":{},"b":{},"meta":{"lastBranch":0,"lastFunction":0,"lastStatement":7,"seen":{"s:6:22:35:Infinity":0,"s:38:28:41:Infinity":1,"s:44:25:55:Infinity":2,"s:58:27:74:Infinity":3,"s:77:29:80:Infinity":4,"s:83:27:86:Infinity":5,"s:89:26:195:Infinity":6}}}
,"/Users/hyeon/Code/alter-client/src/shared/stores/useDocStore.ts": {"path":"/Users/hyeon/Code/alter-client/src/shared/stores/useDocStore.ts","statementMap":{"0":{"start":{"line":4,"column":66},"end":{"line":12,"column":null}},"1":{"start":{"line":14,"column":26},"end":{"line":20,"column":null}},"2":{"start":{"line":14,"column":51},"end":{"line":20,"column":null}},"3":{"start":{"line":34,"column":27},"end":{"line":43,"column":null}},"4":{"start":{"line":34,"column":57},"end":{"line":43,"column":2}},"5":{"start":{"line":36,"column":33},"end":{"line":36,"column":null}},"6":{"start":{"line":38,"column":23},"end":{"line":40,"column":null}},"7":{"start":{"line":39,"column":6},"end":{"line":39,"column":null}},"8":{"start":{"line":41,"column":4},"end":{"line":41,"column":null}}},"fnMap":{"0":{"name":"(anonymous_0)","decl":{"start":{"line":14,"column":26},"end":{"line":14,"column":27}},"loc":{"start":{"line":14,"column":51},"end":{"line":20,"column":null}},"line":14},"1":{"name":"(anonymous_1)","decl":{"start":{"line":34,"column":49},"end":{"line":34,"column":57}},"loc":{"start":{"line":34,"column":57},"end":{"line":43,"column":2}},"line":34},"2":{"name":"(anonymous_2)","decl":{"start":{"line":36,"column":18},"end":{"line":36,"column":33}},"loc":{"start":{"line":36,"column":33},"end":{"line":36,"column":null}},"line":36},"3":{"name":"(anonymous_3)","decl":{"start":{"line":37,"column":28},"end":{"line":37,"column":40}},"loc":{"start":{"line":37,"column":40},"end":{"line":42,"column":null}},"line":37},"4":{"name":"(anonymous_4)","decl":{"start":{"line":38,"column":45},"end":{"line":38,"column":46}},"loc":{"start":{"line":39,"column":6},"end":{"line":39,"column":null}},"line":39}},"branchMap":{},"s":{"0":1,"1":1,"2":1,"3":1,"4":1,"5":0,"6":0,"7":0,"8":0},"f":{"0":1,"1":1,"2":0,"3":0,"4":0},"b":{},"meta":{"lastBranch":0,"lastFunction":5,"lastStatement":9,"seen":{"s:4:66:12:Infinity":0,"s:14:26:20:Infinity":1,"f:14:26:14:27":0,"s:14:51:20:Infinity":2,"s:34:27:43:Infinity":3,"f:34:49:34:57":1,"s:34:57:43:2":4,"f:36:18:36:33":2,"s:36:33:36:Infinity":5,"f:37:28:37:40":3,"s:38:23:40:Infinity":6,"f:38:45:38:46":4,"s:39:6:39:Infinity":7,"s:41:4:41:Infinity":8}}}
,"/Users/hyeon/Code/alter-client/src/shared/ui/MobileLayout.tsx": {"path":"/Users/hyeon/Code/alter-client/src/shared/ui/MobileLayout.tsx","statementMap":{"0":{"start":{"line":16,"column":6},"end":{"line":16,"column":7}},"1":{"start":{"line":14,"column":2},"end":{"line":22,"column":null}}},"fnMap":{"0":{"name":"MobileLayout","decl":{"start":{"line":9,"column":16},"end":{"line":9,"column":29}},"loc":{"start":{"line":13,"column":22},"end":{"line":24,"column":null}},"line":13}},"branchMap":{"0":{"loc":{"start":{"line":11,"column":2},"end":{"line":11,"column":null}},"type":"default-arg","locations":[{"start":{"line":11,"column":14},"end":{"line":11,"column":null}}],"line":11},"1":{"loc":{"start":{"line":12,"column":2},"end":{"line":12,"column":null}},"type":"default-arg","locations":[{"start":{"line":12,"column":13},"end":{"line":12,"column":null}}],"line":12}},"s":{"0":1,"1":1},"f":{"0":1},"b":{"0":[1],"1":[1]},"meta":{"lastBranch":2,"lastFunction":1,"lastStatement":2,"seen":{"s:16:6:16:7":0,"f:9:16:9:29":0,"b:11:14:11:Infinity":0,"b:12:13:12:Infinity":1,"s:14:2:22:Infinity":1}}}
,"/Users/hyeon/Code/alter-client/src/shared/ui/Spinner.tsx": {"path":"/Users/hyeon/Code/alter-client/src/shared/ui/Spinner.tsx","statementMap":{"0":{"start":{"line":8,"column":4},"end":{"line":8,"column":5}},"1":{"start":{"line":7,"column":2},"end":{"line":13,"column":null}}},"fnMap":{"0":{"name":"Spinner","decl":{"start":{"line":6,"column":16},"end":{"line":6,"column":24}},"loc":{"start":{"line":6,"column":69},"end":{"line":15,"column":null}},"line":6}},"branchMap":{"0":{"loc":{"start":{"line":6,"column":26},"end":{"line":6,"column":37}},"type":"default-arg","locations":[{"start":{"line":6,"column":33},"end":{"line":6,"column":37}}],"line":6},"1":{"loc":{"start":{"line":6,"column":37},"end":{"line":6,"column":52}},"type":"default-arg","locations":[{"start":{"line":6,"column":49},"end":{"line":6,"column":52}}],"line":6}},"s":{"0":1,"1":3},"f":{"0":3},"b":{"0":[3],"1":[3]},"meta":{"lastBranch":2,"lastFunction":1,"lastStatement":2,"seen":{"s:8:4:8:5":0,"f:6:16:6:24":0,"b:6:33:6:37":0,"b:6:49:6:52":1,"s:7:2:13:Infinity":1}}}
,"/Users/hyeon/Code/alter-client/src/shared/ui/common/AuthButton.tsx": {"path":"/Users/hyeon/Code/alter-client/src/shared/ui/common/AuthButton.tsx","statementMap":{"0":{"start":{"line":12,"column":4},"end":{"line":12,"column":5}},"1":{"start":{"line":11,"column":2},"end":{"line":34,"column":null}}},"fnMap":{"0":{"name":"AuthButton","decl":{"start":{"line":6,"column":16},"end":{"line":6,"column":27}},"loc":{"start":{"line":10,"column":20},"end":{"line":36,"column":null}},"line":10}},"branchMap":{"0":{"loc":{"start":{"line":7,"column":2},"end":{"line":7,"column":null}},"type":"default-arg","locations":[{"start":{"line":7,"column":14},"end":{"line":7,"column":null}}],"line":7},"1":{"loc":{"start":{"line":24,"column":16},"end":{"line":24,"column":null}},"type":"cond-expr","locations":[{"start":{"line":24,"column":33},"end":{"line":24,"column":49}},{"start":{"line":24,"column":49},"end":{"line":24,"column":null}}],"line":24},"2":{"loc":{"start":{"line":26,"column":19},"end":{"line":28,"column":null}},"type":"cond-expr","locations":[{"start":{"line":27,"column":12},"end":{"line":27,"column":null}},{"start":{"line":28,"column":12},"end":{"line":28,"column":null}}],"line":26},"3":{"loc":{"start":{"line":29,"column":17},"end":{"line":29,"column":null}},"type":"cond-expr","locations":[{"start":{"line":29,"column":34},"end":{"line":29,"column":40}},{"start":{"line":29,"column":40},"end":{"line":29,"column":null}}],"line":29}},"s":{"0":1,"1":2},"f":{"0":2},"b":{"0":[2],"1":[1,1],"2":[1,1],"3":[1,1]},"meta":{"lastBranch":4,"lastFunction":1,"lastStatement":2,"seen":{"s:12:4:12:5":0,"f:6:16:6:27":0,"b:7:14:7:Infinity":0,"s:11:2:34:Infinity":1,"b:24:33:24:49:24:49:24:Infinity":1,"b:27:12:27:Infinity:28:12:28:Infinity":2,"b:29:34:29:40:29:40:29:Infinity":3}}}
,"/Users/hyeon/Code/alter-client/src/shared/ui/common/AuthInput.tsx": {"path":"/Users/hyeon/Code/alter-client/src/shared/ui/common/AuthInput.tsx","statementMap":{"0":{"start":{"line":14,"column":4},"end":{"line":14,"column":5}},"1":{"start":{"line":13,"column":2},"end":{"line":32,"column":null}}},"fnMap":{"0":{"name":"AuthInput","decl":{"start":{"line":8,"column":16},"end":{"line":8,"column":26}},"loc":{"start":{"line":12,"column":19},"end":{"line":34,"column":null}},"line":12}},"branchMap":{"0":{"loc":{"start":{"line":10,"column":2},"end":{"line":10,"column":null}},"type":"default-arg","locations":[{"start":{"line":10,"column":14},"end":{"line":10,"column":null}}],"line":10},"1":{"loc":{"start":{"line":20,"column":16},"end":{"line":20,"column":null}},"type":"binary-expr","locations":[{"start":{"line":20,"column":16},"end":{"line":20,"column":31}},{"start":{"line":20,"column":31},"end":{"line":20,"column":null}}],"line":20}},"s":{"0":1,"1":3},"f":{"0":3},"b":{"0":[3],"1":[3,3]},"meta":{"lastBranch":2,"lastFunction":1,"lastStatement":2,"seen":{"s:14:4:14:5":0,"f:8:16:8:26":0,"b:10:14:10:Infinity":0,"s:13:2:32:Infinity":1,"b:20:16:20:31:20:31:20:Infinity":1}}}
[...]
,"/Users/hyeon/Code/alter-client/src/shared/ui/home/WorkCategoryBadge.tsx": {"path":"/Users/hyeon/Code/alter-client/src/shared/ui/home/WorkCategoryBadge.tsx","statementMap":{"0":{"start":{"line":14,"column":6},"end":{"line":14,"column":7}},"1":{"start":{"line":10,"column":2},"end":{"line":17,"column":null}}},"fnMap":{"0":{"name":"WorkCategoryBadge","decl":{"start":{"line":6,"column":16},"end":{"line":6,"column":34}},"loc":{"start":{"line":9,"column":27},"end":{"line":19,"column":null}},"line":9}},"branchMap":{"0":{"loc":{"start":{"line":7,"column":2},"end":{"line":7,"column":null}},"type":"default-arg","locations":[{"start":{"line":7,"column":10},"end":{"line":7,"column":null}}],"line":7},"1":{"loc":{"start":{"line":8,"column":2},"end":{"line":8,"column":null}},"type":"default-arg","locations":[{"start":{"line":8,"column":14},"end":{"line":8,"column":null}}],"line":8}},"s":{"0":2,"1":3},"f":{"0":3},"b":{"0":[3],"1":[3]},"meta":{"lastBranch":2,"lastFunction":1,"lastStatement":2,"seen":{"s:14:6:14:7":0,"f:6:16:6:34":0,"b:7:10:7:Infinity":0,"b:8:14:8:Infinity":1,"s:10:2:17:Infinity":1}}}
,"/Users/hyeon/Code/alter-client/src/shared/ui/home/WorkerRoleBadge.tsx": {"path":"/Users/hyeon/Code/alter-client/src/shared/ui/home/WorkerRoleBadge.tsx","statementMap":{"0":{"start":{"line":29,"column":6},"end":{"line":29,"column":7}},"1":{"start":{"line":8,"column":23},"end":{"line":17,"column":null}},"2":{"start":{"line":23,"column":16},"end":{"line":23,"column":null}},"3":{"start":{"line":25,"column":2},"end":{"line":30,"column":null}}},"fnMap":{"0":{"name":"WorkerRoleBadge","decl":{"start":{"line":19,"column":16},"end":{"line":19,"column":32}},"loc":{"start":{"line":22,"column":25},"end":{"line":32,"column":null}},"line":22}},"branchMap":{"0":{"loc":{"start":{"line":21,"column":2},"end":{"line":21,"column":null}},"type":"default-arg","locations":[{"start":{"line":21,"column":14},"end":{"line":21,"column":null}}],"line":21}},"s":{"0":2,"1":2,"2":4,"3":4},"f":{"0":4},"b":{"0":[4]},"meta":{"lastBranch":1,"lastFunction":1,"lastStatement":4,"seen":{"s:29:6:29:7":0,"s:8:23:17:Infinity":1,"f:19:16:19:32":0,"b:21:14:21:Infinity":0,"s:23:16:23:Infinity":2,"s:25:2:30:Infinity":3}}}
,"/Users/hyeon/Code/alter-client/src/shared/ui/manager/OngoingPostingCard.tsx": {"path":"/Users/hyeon/Code/alter-client/src/shared/ui/manager/OngoingPostingCard.tsx","statementMap":{"0":{"start":{"line":34,"column":8},"end":{"line":34,"column":9}},"1":{"start":{"line":27,"column":2},"end":{"line":48,"column":null}},"2":{"start":{"line":57,"column":2},"end":{"line":78,"column":null}},"3":{"start":{"line":61,"column":10},"end":{"line":66,"column":null}},"4":{"start":{"line":64,"column":27},"end":{"line":64,"column":null}}},"fnMap":{"0":{"name":"PostingRow","decl":{"start":{"line":18,"column":9},"end":{"line":18,"column":20}},"loc":{"start":{"line":26,"column":3},"end":{"line":50,"column":null}},"line":26},"1":{"name":"OngoingPostingCard","decl":{"start":{"line":52,"column":16},"end":{"line":52,"column":35}},"loc":{"start":{"line":56,"column":28},"end":{"line":80,"column":null}},"line":56},"2":{"name":"(anonymous_2)","decl":{"start":{"line":60,"column":22},"end":{"line":60,"column":23}},"loc":{"start":{"line":61,"column":10},"end":{"line":66,"column":null}},"line":61},"3":{"name":"(anonymous_3)","decl":{"start":{"line":64,"column":21},"end":{"line":64,"column":27}},"loc":{"start":{"line":64,"column":27},"end":{"line":64,"column":null}},"line":64}},"branchMap":{"0":{"loc":{"start":{"line":31,"column":80},"end":{"line":31,"column":121}},"type":"cond-expr","locations":[{"start":{"line":31,"column":90},"end":{"line":31,"column":119}},{"start":{"line":31,"column":119},"end":{"line":31,"column":121}}],"line":31}},"s":{"0":1,"1":3,"2":2,"3":3,"4":0},"f":{"0":3,"1":2,"2":3,"3":0},"b":{"0":[1,2]},"meta":{"lastBranch":1,"lastFunction":4,"lastStatement":5,"seen":{"s:34:8:34:9":0,"f:18:9:18:20":0,"s:27:2:48:Infinity":1,"b:31:90:31:119:31:119:31:121":0,"f:52:16:52:35":1,"s:57:2:78:Infinity":2,"f:60:22:60:23":2,"s:61:10:66:Infinity":3,"f:64:21:64:27":3,"s:64:27:64:Infinity":4}}}
,"/Users/hyeon/Code/alter-client/src/shared/ui/manager/SubstituteApprovalCard.tsx": {"path":"/Users/hyeon/Code/alter-client/src/shared/ui/manager/SubstituteApprovalCard.tsx","statementMap":{"0":{"start":{"line":55,"column":10},"end":{"line":55,"column":11}},"1":{"start":{"line":23,"column":4},"end":{"line":34,"column":null}},"2":{"start":{"line":45,"column":17},"end":{"line":45,"column":null}},"3":{"start":{"line":47,"column":2},"end":{"line":85,"column":null}},"4":{"start":{"line":94,"column":2},"end":{"line":115,"column":null}},"5":{"start":{"line":98,"column":10},"end":{"line":103,"column":null}},"6":{"start":{"line":101,"column":27},"end":{"line":101,"column":null}}},"fnMap":{"0":{"name":"RequestRow","decl":{"start":{"line":36,"column":9},"end":{"line":36,"column":20}},"loc":{"start":{"line":44,"column":3},"end":{"line":87,"column":null}},"line":44},"1":{"name":"SubstituteApprovalCard","decl":{"start":{"line":89,"column":16},"end":{"line":89,"column":39}},"loc":{"start":{"line":93,"column":32},"end":{"line":117,"column":null}},"line":93},"2":{"name":"(anonymous_2)","decl":{"start":{"line":97,"column":22},"end":{"line":97,"column":23}},"loc":{"start":{"line":98,"column":10},"end":{"line":103,"column":null}},"line":98},"3":{"name":"(anonymous_3)","decl":{"start":{"line":101,"column":21},"end":{"line":101,"column":27}},"loc":{"start":{"line":101,"column":27},"end":{"line":101,"column":null}},"line":101}},"branchMap":{"0":{"loc":{"start":{"line":51,"column":104},"end":{"line":51,"column":145}},"type":"cond-expr","locations":[{"start":{"line":51,"column":114},"end":{"line":51,"column":143}},{"start":{"line":51,"column":143},"end":{"line":51,"column":145}}],"line":51},"1":{"loc":{"start":{"line":54,"column":9},"end":{"line":64,"column":null}},"type":"cond-expr","locations":[{"start":{"line":55,"column":10},"end":{"line":59,"column":null}},{"start":{"line":61,"column":10},"end":{"line":64,"column":null}}],"line":54}},"s":{"0":1,"1":1,"2":3,"3":3,"4":1,"5":3,"6":0},"f":{"0":3,"1":1,"2":3,"3":0},"b":{"0":[2,1],"1":[0,3]},"meta":{"lastBranch":2,"lastFunction":4,"lastStatement":7,"seen":{"s:55:10:55:11":0,"s:23:4:34:Infinity":1,"f:36:9:36:20":0,"s:45:17:45:Infinity":2,"s:47:2:85:Infinity":3,"b:51:114:51:143:51:143:51:145":0,"b:55:10:59:Infinity:61:10:64:Infinity":1,"f:89:16:89:39":1,"s:94:2:115:Infinity":4,"f:97:22:97:23":2,"s:98:10:103:Infinity":5,"f:101:21:101:27":3,"s:101:27:101:Infinity":6}}}
,"/Users/hyeon/Code/alter-client/src/shared/ui/manager/WorkerImageCard.tsx": {"path":"/Users/hyeon/Code/alter-client/src/shared/ui/manager/WorkerImageCard.tsx","statementMap":{"0":{"start":{"line":22,"column":10},"end":{"line":22,"column":11}},"1":{"start":{"line":16,"column":2},"end":{"line":40,"column":null}}},"fnMap":{"0":{"name":"WorkerImageCard","decl":{"start":{"line":10,"column":16},"end":{"line":10,"column":32}},"loc":{"start":{"line":15,"column":25},"end":{"line":42,"column":null}},"line":15}},"branchMap":{"0":{"loc":{"start":{"line":14,"column":2},"end":{"line":14,"column":null}},"type":"default-arg","locations":[{"start":{"line":14,"column":14},"end":{"line":14,"column":null}}],"line":14},"1":{"loc":{"start":{"line":21,"column":9},"end":{"line":31,"column":null}},"type":"cond-expr","locations":[{"start":{"line":22,"column":10},"end":{"line":26,"column":null}},{"start":{"line":28,"column":10},"end":{"line":31,"column":null}}],"line":21}},"s":{"0":1,"1":2},"f":{"0":2},"b":{"0":[2],"1":[1,1]},"meta":{"lastBranch":2,"lastFunction":1,"lastStatement":2,"seen":{"s:22:10:22:11":0,"f:10:16:10:32":0,"b:14:14:14:Infinity":0,"s:16:2:40:Infinity":1,"b:22:10:26:Infinity:28:10:31:Infinity":1}}}
,"/Users/hyeon/Code/alter-client/src/shared/ui/manager/WorkerListItem.tsx": {"path":"/Users/hyeon/Code/alter-client/src/shared/ui/manager/WorkerListItem.tsx","statementMap":{"0":{"start":{"line":28,"column":6},"end":{"line":28,"column":7}},"1":{"start":{"line":18,"column":2},"end":{"line":31,"column":null}},"2":{"start":{"line":42,"column":2},"end":{"line":79,"column":null}}},"fnMap":{"0":{"name":"EllipsisIcon","decl":{"start":{"line":17,"column":9},"end":{"line":17,"column":24}},"loc":{"start":{"line":17,"column":24},"end":{"line":33,"column":null}},"line":17},"1":{"name":"WorkerListItem","decl":{"start":{"line":35,"column":16},"end":{"line":35,"column":31}},"loc":{"start":{"line":41,"column":24},"end":{"line":81,"column":null}},"line":41}},"branchMap":{"0":{"loc":{"start":{"line":45,"column":9},"end":{"line":55,"column":null}},"type":"cond-expr","locations":[{"start":{"line":46,"column":10},"end":{"line":50,"column":null}},{"start":{"line":52,"column":10},"end":{"line":55,"column":null}}],"line":45}},"s":{"0":1,"1":2,"2":2},"f":{"0":2,"1":2},"b":{"0":[0,2]},"meta":{"lastBranch":1,"lastFunction":2,"lastStatement":3,"seen":{"s:28:6:28:7":0,"f:17:9:17:24":0,"s:18:2:31:Infinity":1,"f:35:16:35:31":1,"s:42:2:79:Infinity":2,"b:46:10:50:Infinity:52:10:55:Infinity":0}}}
,"/Users/hyeon/Code/alter-client/src/shared/ui/manager/alba-find/Albabox.tsx": {"path":"/Users/hyeon/Code/alter-client/src/shared/ui/manager/alba-find/Albabox.tsx","statementMap":{"0":{"start":{"line":31,"column":8},"end":{"line":31,"column":9}},"1":{"start":{"line":28,"column":2},"end":{"line":66,"column":null}}},"fnMap":{"0":{"name":"Albabox","decl":{"start":{"line":16,"column":16},"end":{"line":16,"column":24}},"loc":{"start":{"line":27,"column":17},"end":{"line":68,"column":null}},"line":27}},"branchMap":{"0":{"loc":{"start":{"line":35,"column":22},"end":{"line":35,"column":null}},"type":"cond-expr","locations":[{"start":{"line":35,"column":30},"end":{"line":35,"column":41}},{"start":{"line":35,"column":41},"end":{"line":35,"column":null}}],"line":35},"1":{"loc":{"start":{"line":37,"column":12},"end":{"line":39,"column":null}},"type":"cond-expr","locations":[{"start":{"line":38,"column":16},"end":{"line":38,"column":null}},{"start":{"line":39,"column":16},"end":{"line":39,"column":null}}],"line":37},"2":{"loc":{"start":{"line":62,"column":9},"end":{"line":63,"column":null}},"type":"binary-expr","locations":[{"start":{"line":62,"column":9},"end":{"line":62,"column":30}},{"start":{"line":62,"column":30},"end":{"line":62,"column":null}},{"start":{"line":63,"column":10},"end":{"line":63,"column":null}}],"line":62}},"s":{"0":1,"1":3},"f":{"0":3},"b":{"0":[1,2],"1":[1,2],"2":[3,2,2]},"meta":{"lastBranch":3,"lastFunction":1,"lastStatement":2,"seen":{"s:31:8:31:9":0,"f:16:16:16:24":0,"s:28:2:66:Infinity":1,"b:35:30:35:41:35:41:35:Infinity":0,"b:38:16:38:Infinity:39:16:39:Infinity":1,"b:62:9:62:30:62:30:62:Infinity:63:10:63:Infinity":2}}}
,"/Users/hyeon/Code/alter-client/src/shared/ui/manager/social/SocialCategory.tsx": {"path":"/Users/hyeon/Code/alter-client/src/shared/ui/manager/social/SocialCategory.tsx","statementMap":{"0":{"start":{"line":8,"column":4},"end":{"line":8,"column":5}},"1":{"start":{"line":7,"column":2},"end":{"line":17,"column":null}}},"fnMap":{"0":{"name":"SocialCategory","decl":{"start":{"line":6,"column":16},"end":{"line":6,"column":31}},"loc":{"start":{"line":6,"column":79},"end":{"line":19,"column":null}},"line":6}},"branchMap":{"0":{"loc":{"start":{"line":6,"column":40},"end":{"line":6,"column":55}},"type":"default-arg","locations":[{"start":{"line":6,"column":49},"end":{"line":6,"column":55}}],"line":6},"1":{"loc":{"start":{"line":11,"column":8},"end":{"line":13,"column":null}},"type":"cond-expr","locations":[{"start":{"line":12,"column":12},"end":{"line":12,"column":null}},{"start":{"line":13,"column":12},"end":{"line":13,"column":null}}],"line":11}},"s":{"0":1,"1":2},"f":{"0":2},"b":{"0":[2],"1":[1,1]},"meta":{"lastBranch":2,"lastFunction":1,"lastStatement":2,"seen":{"s:8:4:8:5":0,"f:6:16:6:31":0,"b:6:49:6:55":0,"s:7:2:17:Infinity":1,"b:12:12:12:Infinity:13:12:13:Infinity":1}}}
,"/Users/hyeon/Code/alter-client/src/shared/ui/manager/social/SocialList.tsx": {"path":"/Users/hyeon/Code/alter-client/src/shared/ui/manager/social/SocialList.tsx","statementMap":{"0":{"start":{"line":31,"column":6},"end":{"line":31,"column":7}},"1":{"start":{"line":1,"column":59},"end":{"line":1,"column":null}},"2":{"start":{"line":20,"column":21},"end":{"line":20,"column":null}},"3":{"start":{"line":21,"column":23},"end":{"line":21,"column":null}},"4":{"start":{"line":29,"column":2},"end":{"line":50,"column":null}},"5":{"start":{"line":62,"column":38},"end":{"line":62,"column":null}},"6":{"start":{"line":63,"column":38},"end":{"line":63,"column":null}},"7":{"start":{"line":65,"column":23},"end":{"line":65,"column":null}},"8":{"start":{"line":66,"column":20},"end":{"line":66,"column":null}},"9":{"start":{"line":67,"column":29},"end":{"line":67,"column":null}},"10":{"start":{"line":69,"column":65},"end":{"line":75,"column":null}},"11":{"start":{"line":70,"column":4},"end":{"line":70,"column":null}},"12":{"start":{"line":71,"column":4},"end":{"line":71,"column":null}},"13":{"start":{"line":72,"column":4},"end":{"line":72,"column":null}},"14":{"start":{"line":73,"column":4},"end":{"line":73,"column":null}},"15":{"start":{"line":74,"column":4},"end":{"line":74,"column":null}},"16":{"start":{"line":77,"column":65},"end":{"line":86,"column":null}},"17":{"start":{"line":78,"column":4},"end":{"line":78,"column":null}},"18":{"start":{"line":78,"column":65},"end":{"line":78,"column":null}},"19":{"start":{"line":80,"column":19},"end":{"line":80,"column":null}},"20":{"start":{"line":81,"column":27},"end":{"line":84,"column":null}},"21":{"start":{"line":85,"column":4},"end":{"line":85,"column":null}},"22":{"start":{"line":88,"column":21},"end":{"line":94,"column":null}},"23":{"start":{"line":89,"column":4},"end":{"line":89,"column":null}},"24":{"start":{"line":89,"column":44},"end":{"line":89,"column":null}},"25":{"start":{"line":91,"column":4},"end":{"line":91,"column":null}},"26":{"start":{"line":92,"column":4},"end":{"line":92,"column":null}},"27":{"start":{"line":93,"column":4},"end":{"line":93,"column":null}},"28":{"start":{"line":93,"column":27},"end":{"line":93,"column":79}},"29":{"start":{"line":96,"column":63},"end":{"line":98,"column":null}},"30":{"start":{"line":97,"column":4},"end":{"line":97,"column":null}},"31":{"start":{"line":100,"column":67},"end":{"line":102,"column":null}},"32":{"start":{"line":101,"column":4},"end":{"line":101,"column":null}},"33":{"start":{"line":104,"column":2},"end":{"line":131,"column":null}},"34":{"start":{"line":136,"column":2},"end":{"line":152,"column":null}}},"fnMap":{"0":{"name":"SocialList","decl":{"start":{"line":23,"column":16},"end":{"line":23,"column":27}},"loc":{"start":{"line":28,"column":23},"end":{"line":52,"column":null}},"line":28},"1":{"name":"SwipeableSocialItem","decl":{"start":{"line":54,"column":16},"end":{"line":54,"column":36}},"loc":{"start":{"line":61,"column":29},"end":{"line":133,"column":null}},"line":61},"2":{"name":"(anonymous_2)","decl":{"start":{"line":69,"column":65},"end":{"line":69,"column":74}},"loc":{"start":{"line":69,"column":74},"end":{"line":75,"column":null}},"line":69},"3":{"name":"(anonymous_3)","decl":{"start":{"line":77,"column":65},"end":{"line":77,"column":74}},"loc":{"start":{"line":77,"column":74},"end":{"line":86,"column":null}},"line":77},"4":{"name":"(anonymous_4)","decl":{"start":{"line":88,"column":21},"end":{"line":88,"column":22}},"loc":{"start":{"line":88,"column":44},"end":{"line":94,"column":null}},"line":88},"5":{"name":"(anonymous_5)","decl":{"start":{"line":93,"column":18},"end":{"line":93,"column":27}},"loc":{"start":{"line":93,"column":27},"end":{"line":93,"column":79}},"line":93},"6":{"name":"(anonymous_6)","decl":{"start":{"line":96,"column":63},"end":{"line":96,"column":72}},"loc":{"start":{"line":96,"column":72},"end":{"line":98,"column":null}},"line":96},"7":{"name":"(anonymous_7)","decl":{"start":{"line":100,"column":67},"end":{"line":100,"column":76}},"loc":{"start":{"line":100,"column":76},"end":{"line":102,"column":null}},"line":100},"8":{"name":"SocialAction","decl":{"start":{"line":135,"column":16},"end":{"line":135,"column":29}},"loc":{"start":{"line":135,"column":70},"end":{"line":154,"column":null}},"line":135}},"branchMap":{"0":{"loc":{"start":{"line":27,"column":2},"end":{"line":27,"column":null}},"type":"default-arg","locations":[{"start":{"line":27,"column":11},"end":{"line":27,"column":null}}],"line":27},"1":{"loc":{"start":{"line":46,"column":47},"end":{"line":46,"column":85}},"type":"cond-expr","locations":[{"start":{"line":46,"column":56},"end":{"line":46,"column":69}},{"start":{"line":46,"column":69},"end":{"line":46,"column":85}}],"line":46},"2":{"loc":{"start":{"line":58,"column":2},"end":{"line":58,"column":null}},"type":"default-arg","locations":[{"start":{"line":58,"column":11},"end":{"line":58,"column":null}}],"line":58},"3":{"loc":{"start":{"line":78,"column":4},"end":{"line":78,"column":null}},"type":"if","locations":[{"start":{"line":78,"column":4},"end":{"line":78,"column":null}},{"start":{},"end":{}}],"line":78},"4":{"loc":{"start":{"line":78,"column":8},"end":{"line":78,"column":65}},"type":"binary-expr","locations":[{"start":{"line":78,"column":8},"end":{"line":78,"column":23}},{"start":{"line":78,"column":23},"end":{"line":78,"column":65}}],"line":78},"5":{"loc":{"start":{"line":89,"column":4},"end":{"line":89,"column":null}},"type":"if","locations":[{"start":{"line":89,"column":4},"end":{"line":89,"column":null}},{"start":{},"end":{}}],"line":89},"6":{"loc":{"start":{"line":93,"column":27},"end":{"line":93,"column":79}},"type":"cond-expr","locations":[{"start":{"line":93,"column":61},"end":{"line":93,"column":77}},{"start":{"line":93,"column":77},"end":{"line":93,"column":79}}],"line":93},"7":{"loc":{"start":{"line":119,"column":22},"end":{"line":119,"column":null}},"type":"cond-expr","locations":[{"start":{"line":119,"column":35},"end":{"line":119,"column":44}},{"start":{"line":119,"column":44},"end":{"line":119,"column":null}}],"line":119}},"s":{"0":1,"1":1,"2":1,"3":1,"4":3,"5":0,"6":0,"7":0,"8":0,"9":0,"10":0,"11":0,"12":0,"13":0,"14":0,"15":0,"16":0,"17":0,"18":0,"19":0,"20":0,"21":0,"22":0,"23":0,"24":0,"25":0,"26":0,"27":0,"28":0,"29":0,"30":0,"31":0,"32":0,"33":0,"34":0},"f":{"0":3,"1":0,"2":0,"3":0,"4":0,"5":0,"6":0,"7":0,"8":0},"b":{"0":[3],"1":[2,1],"2":[0],"3":[0,0],"4":[0,0],"5":[0,0],"6":[0,0],"7":[0,0]},"meta":{"lastBranch":8,"lastFunction":9,"lastStatement":35,"seen":{"s:31:6:31:7":0,"s:1:59:1:Infinity":1,"s:20:21:20:Infinity":2,"s:21:23:21:Infinity":3,"f:23:16:23:27":0,"b:27:11:27:Infinity":0,"s:29:2:50:Infinity":4,"b:46:56:46:69:46:69:46:85":1,"f:54:16:54:36":1,"b:58:11:58:Infinity":2,"s:62:38:62:Infinity":5,"s:63:38:63:Infinity":6,"s:65:23:65:Infinity":7,"s:66:20:66:Infinity":8,"s:67:29:67:Infinity":9,"s:69:65:75:Infinity":10,"f:69:65:69:74":2,"s:70:4:70:Infinity":11,"s:71:4:71:Infinity":12,"s:72:4:72:Infinity":13,"s:73:4:73:Infinity":14,"s:74:4:74:Infinity":15,"s:77:65:86:Infinity":16,"f:77:65:77:74":3,"b:78:4:78:Infinity:undefined:undefined:undefined:undefined":3,"s:78:4:78:Infinity":17,"b:78:8:78:23:78:23:78:65":4,"s:78:65:78:Infinity":18,"s:80:19:80:Infinity":19,"s:81:27:84:Infinity":20,"s:85:4:85:Infinity":21,"s:88:21:94:Infinity":22,"f:88:21:88:22":4,"b:89:4:89:Infinity:undefined:undefined:undefined:undefined":5,"s:89:4:89:Infinity":23,"s:89:44:89:Infinity":24,"s:91:4:91:Infinity":25,"s:92:4:92:Infinity":26,"s:93:4:93:Infinity":27,"f:93:18:93:27":5,"s:93:27:93:79":28,"b:93:61:93:77:93:77:93:79":6,"s:96:63:98:Infinity":29,"f:96:63:96:72":6,"s:97:4:97:Infinity":30,"s:100:67:102:Infinity":31,"f:100:67:100:76":7,"s:101:4:101:Infinity":32,"s:104:2:131:Infinity":33,"b:119:35:119:44:119:44:119:Infinity":7,"f:135:16:135:29":8,"s:136:2:152:Infinity":34}}}
}
